2019-04-15 14:48:14,649 [INFO] [restartedMain] cn.afterturn.gen.GenApplication [StartupInfoLogger.java : 48] Starting GenApplication on SAIC-DEV00464 with PID 37784 (C:\work\learnTest\gen-mybatis\gen-admin\target\classes started by v-xionghongjie in C:\work\learnTest\gen-mybatis)
2019-04-15 14:48:14,650 [DEBUG] [restartedMain] cn.afterturn.gen.GenApplication [StartupInfoLogger.java : 51] Running with Spring Boot v1.5.3.RELEASE, Spring v4.3.8.RELEASE
2019-04-15 14:48:14,650 [INFO] [restartedMain] cn.afterturn.gen.GenApplication [SpringApplication.java : 641] The following profiles are active: dev
2019-04-15 14:48:14,693 [INFO] [restartedMain] o.s.b.c.e.AnnotationConfigEmbeddedWebApplicationContext [AbstractApplicationContext.java : 582] Refreshing org.springframework.boot.context.embedded.AnnotationConfigEmbeddedWebApplicationContext@6cba5d30: startup date [Mon Apr 15 14:48:14 CST 2019]; root of context hierarchy
2019-04-15 14:48:16,063 [INFO] [restartedMain] o.s.data.repository.config.RepositoryConfigurationDelegate [RepositoryConfigurationDelegate.java : 165] Multiple Spring Data modules found, entering strict repository configuration mode!
2019-04-15 14:48:16,469 [DEBUG] [restartedMain] org.apache.ibatis.logging.LogFactory [LogFactory.java : 135] Logging initialized using 'class org.apache.ibatis.logging.slf4j.Slf4jImpl' adapter.
2019-04-15 14:48:16,538 [INFO] [restartedMain] o.s.c.s.PostProcessorRegistrationDelegate$BeanPostProcessorChecker [PostProcessorRegistrationDelegate.java : 325] Bean 'shiroConfig' of type [cn.afterturn.gen.config.web.ShiroConfig$$EnhancerBySpringCGLIB$$ff54c390] is not eligible for getting processed by all BeanPostProcessors (for example: not eligible for auto-proxying)
2019-04-15 14:48:16,587 [INFO] [restartedMain] o.s.c.s.PostProcessorRegistrationDelegate$BeanPostProcessorChecker [PostProcessorRegistrationDelegate.java : 325] Bean 'webConfig' of type [cn.afterturn.gen.config.web.WebConfig$$EnhancerBySpringCGLIB$$2238cc13] is not eligible for getting processed by all BeanPostProcessors (for example: not eligible for auto-proxying)
2019-04-15 14:48:16,605 [INFO] [restartedMain] o.s.c.s.PostProcessorRegistrationDelegate$BeanPostProcessorChecker [PostProcessorRegistrationDelegate.java : 325] Bean 'rememberMeCookie' of type [org.apache.shiro.web.servlet.SimpleCookie] is not eligible for getting processed by all BeanPostProcessors (for example: not eligible for auto-proxying)
2019-04-15 14:48:16,793 [INFO] [restartedMain] o.s.c.s.PostProcessorRegistrationDelegate$BeanPostProcessorChecker [PostProcessorRegistrationDelegate.java : 325] Bean 'rememberMeManager' of type [org.apache.shiro.web.mgt.CookieRememberMeManager] is not eligible for getting processed by all BeanPostProcessors (for example: not eligible for auto-proxying)
2019-04-15 14:48:16,799 [INFO] [restartedMain] o.s.c.s.PostProcessorRegistrationDelegate$BeanPostProcessorChecker [PostProcessorRegistrationDelegate.java : 325] Bean 'ehCacheConfig' of type [cn.afterturn.gen.config.EhCacheConfig$$EnhancerBySpringCGLIB$$9363bad8] is not eligible for getting processed by all BeanPostProcessors (for example: not eligible for auto-proxying)
2019-04-15 14:48:16,812 [INFO] [restartedMain] org.springframework.cache.ehcache.EhCacheManagerFactoryBean [EhCacheManagerFactoryBean.java : 130] Initializing EhCache CacheManager
2019-04-15 14:48:16,885 [INFO] [restartedMain] o.s.c.s.PostProcessorRegistrationDelegate$BeanPostProcessorChecker [PostProcessorRegistrationDelegate.java : 325] Bean 'ehcache' of type [org.springframework.cache.ehcache.EhCacheManagerFactoryBean] is not eligible for getting processed by all BeanPostProcessors (for example: not eligible for auto-proxying)
2019-04-15 14:48:16,890 [INFO] [restartedMain] o.s.c.s.PostProcessorRegistrationDelegate$BeanPostProcessorChecker [PostProcessorRegistrationDelegate.java : 325] Bean 'getCacheShiroManager' of type [org.apache.shiro.cache.ehcache.EhCacheManager] is not eligible for getting processed by all BeanPostProcessors (for example: not eligible for auto-proxying)
2019-04-15 14:48:16,994 [INFO] [restartedMain] o.s.c.s.PostProcessorRegistrationDelegate$BeanPostProcessorChecker [PostProcessorRegistrationDelegate.java : 325] Bean 'gunsProperties' of type [cn.afterturn.gen.config.properties.GunsProperties] is not eligible for getting processed by all BeanPostProcessors (for example: not eligible for auto-proxying)
2019-04-15 14:48:17,011 [INFO] [restartedMain] o.s.c.s.PostProcessorRegistrationDelegate$BeanPostProcessorChecker [PostProcessorRegistrationDelegate.java : 325] Bean 'defaultWebSessionManager' of type [org.apache.shiro.web.session.mgt.DefaultWebSessionManager] is not eligible for getting processed by all BeanPostProcessors (for example: not eligible for auto-proxying)
2019-04-15 14:48:17,035 [INFO] [restartedMain] o.s.c.s.PostProcessorRegistrationDelegate$BeanPostProcessorChecker [PostProcessorRegistrationDelegate.java : 325] Bean 'shiroDbRealm' of type [cn.afterturn.gen.core.shiro.ShiroDbRealm] is not eligible for getting processed by all BeanPostProcessors (for example: not eligible for auto-proxying)
2019-04-15 14:48:17,035 [INFO] [restartedMain] org.apache.shiro.cache.ehcache.EhCacheManager [EhCacheManager.java : 158] Cache with name 'cn.afterturn.gen.core.shiro.ShiroDbRealm.authorizationCache' does not yet exist.  Creating now.
2019-04-15 14:48:17,038 [INFO] [restartedMain] org.apache.shiro.cache.ehcache.EhCacheManager [EhCacheManager.java : 165] Added EhCache named [cn.afterturn.gen.core.shiro.ShiroDbRealm.authorizationCache]
2019-04-15 14:48:17,052 [INFO] [restartedMain] o.s.c.s.PostProcessorRegistrationDelegate$BeanPostProcessorChecker [PostProcessorRegistrationDelegate.java : 325] Bean 'securityManager' of type [org.apache.shiro.web.mgt.DefaultWebSecurityManager] is not eligible for getting processed by all BeanPostProcessors (for example: not eligible for auto-proxying)
2019-04-15 14:48:17,062 [INFO] [restartedMain] o.s.c.s.PostProcessorRegistrationDelegate$BeanPostProcessorChecker [PostProcessorRegistrationDelegate.java : 325] Bean 'methodInvokingFactoryBean' of type [org.springframework.beans.factory.config.MethodInvokingFactoryBean] is not eligible for getting processed by all BeanPostProcessors (for example: not eligible for auto-proxying)
2019-04-15 14:48:17,119 [INFO] [restartedMain] o.s.c.s.PostProcessorRegistrationDelegate$BeanPostProcessorChecker [PostProcessorRegistrationDelegate.java : 325] Bean 'authorizationAttributeSourceAdvisor' of type [org.apache.shiro.spring.security.interceptor.AuthorizationAttributeSourceAdvisor] is not eligible for getting processed by all BeanPostProcessors (for example: not eligible for auto-proxying)
2019-04-15 14:48:17,125 [INFO] [restartedMain] o.s.c.s.PostProcessorRegistrationDelegate$BeanPostProcessorChecker [PostProcessorRegistrationDelegate.java : 325] Bean 'druidStatPointcut' of type [org.springframework.aop.support.JdkRegexpMethodPointcut] is not eligible for getting processed by all BeanPostProcessors (for example: not eligible for auto-proxying)
2019-04-15 14:48:17,135 [INFO] [restartedMain] o.s.c.s.PostProcessorRegistrationDelegate$BeanPostProcessorChecker [PostProcessorRegistrationDelegate.java : 325] Bean 'druidStatInterceptor' of type [com.alibaba.druid.support.spring.stat.DruidStatInterceptor] is not eligible for getting processed by all BeanPostProcessors (for example: not eligible for auto-proxying)
2019-04-15 14:48:17,142 [INFO] [restartedMain] o.s.c.s.PostProcessorRegistrationDelegate$BeanPostProcessorChecker [PostProcessorRegistrationDelegate.java : 325] Bean 'druidStatAdvisor' of type [org.springframework.aop.support.DefaultPointcutAdvisor] is not eligible for getting processed by all BeanPostProcessors (for example: not eligible for auto-proxying)
2019-04-15 14:48:17,188 [INFO] [restartedMain] o.s.c.s.PostProcessorRegistrationDelegate$BeanPostProcessorChecker [PostProcessorRegistrationDelegate.java : 325] Bean 'org.springframework.transaction.annotation.ProxyTransactionManagementConfiguration' of type [org.springframework.transaction.annotation.ProxyTransactionManagementConfiguration$$EnhancerBySpringCGLIB$$651339e8] is not eligible for getting processed by all BeanPostProcessors (for example: not eligible for auto-proxying)
2019-04-15 14:48:17,350 [INFO] [restartedMain] o.s.c.s.PostProcessorRegistrationDelegate$BeanPostProcessorChecker [PostProcessorRegistrationDelegate.java : 325] Bean 'org.springframework.cache.annotation.ProxyCachingConfiguration' of type [org.springframework.cache.annotation.ProxyCachingConfiguration$$EnhancerBySpringCGLIB$$ae257006] is not eligible for getting processed by all BeanPostProcessors (for example: not eligible for auto-proxying)
2019-04-15 14:48:17,981 [INFO] [restartedMain] o.s.b.context.embedded.tomcat.TomcatEmbeddedServletContainer [TomcatEmbeddedServletContainer.java : 89] Tomcat initialized with port(s): 7080 (http)
2019-04-15 14:48:17,987 [INFO] [restartedMain] org.apache.catalina.core.StandardService [DirectJDKLog.java : 179] Starting service Tomcat
2019-04-15 14:48:17,988 [INFO] [restartedMain] org.apache.catalina.core.StandardEngine [DirectJDKLog.java : 179] Starting Servlet Engine: Apache Tomcat/8.5.14
2019-04-15 14:48:18,066 [INFO] [localhost-startStop-1] o.a.catalina.core.ContainerBase.[Tomcat].[localhost].[/] [DirectJDKLog.java : 179] Initializing Spring embedded WebApplicationContext
2019-04-15 14:48:18,066 [INFO] [localhost-startStop-1] org.springframework.web.context.ContextLoader [EmbeddedWebApplicationContext.java : 276] Root WebApplicationContext: initialization completed in 3373 ms
2019-04-15 14:48:18,649 [INFO] [localhost-startStop-1] org.springframework.boot.web.servlet.ServletRegistrationBean [ServletRegistrationBean.java : 190] Mapping servlet: 'statViewServlet' to [/druid/*]
2019-04-15 14:48:18,650 [INFO] [localhost-startStop-1] org.springframework.boot.web.servlet.ServletRegistrationBean [ServletRegistrationBean.java : 190] Mapping servlet: 'dispatcherServlet' to [/]
2019-04-15 14:48:18,653 [INFO] [localhost-startStop-1] org.springframework.boot.web.servlet.FilterRegistrationBean [AbstractFilterRegistrationBean.java : 258] Mapping filter: 'characterEncodingFilter' to: [/*]
2019-04-15 14:48:18,653 [INFO] [localhost-startStop-1] org.springframework.boot.web.servlet.FilterRegistrationBean [AbstractFilterRegistrationBean.java : 258] Mapping filter: 'hiddenHttpMethodFilter' to: [/*]
2019-04-15 14:48:18,653 [INFO] [localhost-startStop-1] org.springframework.boot.web.servlet.FilterRegistrationBean [AbstractFilterRegistrationBean.java : 258] Mapping filter: 'httpPutFormContentFilter' to: [/*]
2019-04-15 14:48:18,654 [INFO] [localhost-startStop-1] org.springframework.boot.web.servlet.FilterRegistrationBean [AbstractFilterRegistrationBean.java : 258] Mapping filter: 'requestContextFilter' to: [/*]
2019-04-15 14:48:18,654 [INFO] [localhost-startStop-1] org.springframework.boot.web.servlet.FilterRegistrationBean [AbstractFilterRegistrationBean.java : 271] Mapping filter: 'webStatFilter' to urls: [/*]
2019-04-15 14:48:18,654 [INFO] [localhost-startStop-1] org.springframework.boot.web.servlet.FilterRegistrationBean [AbstractFilterRegistrationBean.java : 271] Mapping filter: 'xssFilter' to urls: [/*]
2019-04-15 14:48:18,654 [INFO] [localhost-startStop-1] org.springframework.boot.web.servlet.FilterRegistrationBean [AbstractFilterRegistrationBean.java : 258] Mapping filter: 'shiroFilter' to: [/*]
2019-04-15 14:48:19,781 [DEBUG] [restartedMain] org.apache.ibatis.io.VFS [VFS.java : 84] Using VFS adapter com.baomidou.mybatisplus.spring.boot.starter.SpringBootVFS
2019-04-15 14:48:19,783 [DEBUG] [restartedMain] org.apache.ibatis.io.ResolverUtil [ResolverUtil.java : 256] Checking to see if class cn.afterturn.gen.common.persistence.model.Dept matches criteria [is assignable to Object]
2019-04-15 14:48:19,784 [DEBUG] [restartedMain] org.apache.ibatis.io.ResolverUtil [ResolverUtil.java : 256] Checking to see if class cn.afterturn.gen.common.persistence.model.Dict matches criteria [is assignable to Object]
2019-04-15 14:48:19,784 [DEBUG] [restartedMain] org.apache.ibatis.io.ResolverUtil [ResolverUtil.java : 256] Checking to see if class cn.afterturn.gen.common.persistence.model.LoginLog matches criteria [is assignable to Object]
2019-04-15 14:48:19,785 [DEBUG] [restartedMain] org.apache.ibatis.io.ResolverUtil [ResolverUtil.java : 256] Checking to see if class cn.afterturn.gen.common.persistence.model.Menu matches criteria [is assignable to Object]
2019-04-15 14:48:19,785 [DEBUG] [restartedMain] org.apache.ibatis.io.ResolverUtil [ResolverUtil.java : 256] Checking to see if class cn.afterturn.gen.common.persistence.model.Notice matches criteria [is assignable to Object]
2019-04-15 14:48:19,786 [DEBUG] [restartedMain] org.apache.ibatis.io.ResolverUtil [ResolverUtil.java : 256] Checking to see if class cn.afterturn.gen.common.persistence.model.OperationLog matches criteria [is assignable to Object]
2019-04-15 14:48:19,786 [DEBUG] [restartedMain] org.apache.ibatis.io.ResolverUtil [ResolverUtil.java : 256] Checking to see if class cn.afterturn.gen.common.persistence.model.Relation matches criteria [is assignable to Object]
2019-04-15 14:48:19,787 [DEBUG] [restartedMain] org.apache.ibatis.io.ResolverUtil [ResolverUtil.java : 256] Checking to see if class cn.afterturn.gen.common.persistence.model.Role matches criteria [is assignable to Object]
2019-04-15 14:48:19,787 [DEBUG] [restartedMain] org.apache.ibatis.io.ResolverUtil [ResolverUtil.java : 256] Checking to see if class cn.afterturn.gen.common.persistence.model.User matches criteria [is assignable to Object]
2019-04-15 14:48:19,791 [DEBUG] [restartedMain] org.apache.ibatis.io.ResolverUtil [ResolverUtil.java : 256] Checking to see if class cn.afterturn.gen.modular.code.model.CodeBaseModel matches criteria [is assignable to Object]
2019-04-15 14:48:19,791 [DEBUG] [restartedMain] org.apache.ibatis.io.ResolverUtil [ResolverUtil.java : 256] Checking to see if class cn.afterturn.gen.modular.code.model.DbInfoModel matches criteria [is assignable to Object]
2019-04-15 14:48:19,792 [DEBUG] [restartedMain] org.apache.ibatis.io.ResolverUtil [ResolverUtil.java : 256] Checking to see if class cn.afterturn.gen.modular.code.model.GenParamModel matches criteria [is assignable to Object]
2019-04-15 14:48:19,792 [DEBUG] [restartedMain] org.apache.ibatis.io.ResolverUtil [ResolverUtil.java : 256] Checking to see if class cn.afterturn.gen.modular.code.model.TableBaseFieldModel matches criteria [is assignable to Object]
2019-04-15 14:48:19,793 [DEBUG] [restartedMain] org.apache.ibatis.io.ResolverUtil [ResolverUtil.java : 256] Checking to see if class cn.afterturn.gen.modular.code.model.TableFieldDbinfoModel matches criteria [is assignable to Object]
2019-04-15 14:48:19,793 [DEBUG] [restartedMain] org.apache.ibatis.io.ResolverUtil [ResolverUtil.java : 256] Checking to see if class cn.afterturn.gen.modular.code.model.TableFieldModel matches criteria [is assignable to Object]
2019-04-15 14:48:19,794 [DEBUG] [restartedMain] org.apache.ibatis.io.ResolverUtil [ResolverUtil.java : 256] Checking to see if class cn.afterturn.gen.modular.code.model.TableFieldVerifyModel matches criteria [is assignable to Object]
2019-04-15 14:48:19,794 [DEBUG] [restartedMain] org.apache.ibatis.io.ResolverUtil [ResolverUtil.java : 256] Checking to see if class cn.afterturn.gen.modular.code.model.TableInfoModel matches criteria [is assignable to Object]
2019-04-15 14:48:19,795 [DEBUG] [restartedMain] org.apache.ibatis.io.ResolverUtil [ResolverUtil.java : 256] Checking to see if class cn.afterturn.gen.modular.code.model.TableServiceConfigModel matches criteria [is assignable to Object]
2019-04-15 14:48:19,795 [DEBUG] [restartedMain] org.apache.ibatis.io.ResolverUtil [ResolverUtil.java : 256] Checking to see if class cn.afterturn.gen.modular.code.model.TemplateFileModel matches criteria [is assignable to Object]
2019-04-15 14:48:19,795 [DEBUG] [restartedMain] org.apache.ibatis.io.ResolverUtil [ResolverUtil.java : 256] Checking to see if class cn.afterturn.gen.modular.code.model.TemplateGroupModel matches criteria [is assignable to Object]
2019-04-15 14:48:19,796 [DEBUG] [restartedMain] org.apache.ibatis.io.ResolverUtil [ResolverUtil.java : 256] Checking to see if class cn.afterturn.gen.modular.code.model.TemplateModel matches criteria [is assignable to Object]
2019-04-15 14:48:19,796 [DEBUG] [restartedMain] org.apache.ibatis.io.ResolverUtil [ResolverUtil.java : 256] Checking to see if class cn.afterturn.gen.modular.code.model.TemplateShareModel matches criteria [is assignable to Object]
2019-04-15 14:48:19,914 [INFO] [restartedMain] com.alibaba.druid.pool.DruidDataSource [DruidDataSource.java : 785] {dataSource-1} inited
2019-04-15 14:48:23,332 [INFO] [restartedMain] o.s.w.s.mvc.method.annotation.RequestMappingHandlerAdapter [RequestMappingHandlerAdapter.java : 534] Looking for @ControllerAdvice: org.springframework.boot.context.embedded.AnnotationConfigEmbeddedWebApplicationContext@6cba5d30: startup date [Mon Apr 15 14:48:14 CST 2019]; root of context hierarchy
2019-04-15 14:48:23,518 [INFO] [restartedMain] o.s.w.s.mvc.method.annotation.RequestMappingHandlerMapping [AbstractHandlerMethodMapping.java : 543] Mapped "{[/dbinfo]}" onto public java.lang.String cn.afterturn.gen.modular.code.controller.DbInfoController.index()
2019-04-15 14:48:23,520 [INFO] [restartedMain] o.s.w.s.mvc.method.annotation.RequestMappingHandlerMapping [AbstractHandlerMethodMapping.java : 543] Mapped "{[/dbinfo/add]}" onto public java.lang.Object cn.afterturn.gen.modular.code.controller.DbInfoController.add(cn.afterturn.gen.modular.code.model.DbInfoModel)
2019-04-15 14:48:23,521 [INFO] [restartedMain] o.s.w.s.mvc.method.annotation.RequestMappingHandlerMapping [AbstractHandlerMethodMapping.java : 543] Mapped "{[/dbinfo/update]}" onto public java.lang.Object cn.afterturn.gen.modular.code.controller.DbInfoController.update(cn.afterturn.gen.modular.code.model.DbInfoModel)
2019-04-15 14:48:23,521 [INFO] [restartedMain] o.s.w.s.mvc.method.annotation.RequestMappingHandlerMapping [AbstractHandlerMethodMapping.java : 543] Mapped "{[/dbinfo/delete]}" onto public java.lang.Object cn.afterturn.gen.modular.code.controller.DbInfoController.delete(java.lang.Integer)
2019-04-15 14:48:23,521 [INFO] [restartedMain] o.s.w.s.mvc.method.annotation.RequestMappingHandlerMapping [AbstractHandlerMethodMapping.java : 543] Mapped "{[/dbinfo/list]}" onto public java.lang.Object cn.afterturn.gen.modular.code.controller.DbInfoController.list(cn.afterturn.gen.modular.code.model.DbInfoModel)
2019-04-15 14:48:23,522 [INFO] [restartedMain] o.s.w.s.mvc.method.annotation.RequestMappingHandlerMapping [AbstractHandlerMethodMapping.java : 543] Mapped "{[/dbinfo/detail]}" onto public java.lang.Object cn.afterturn.gen.modular.code.controller.DbInfoController.detail(cn.afterturn.gen.modular.code.model.DbInfoModel)
2019-04-15 14:48:23,522 [INFO] [restartedMain] o.s.w.s.mvc.method.annotation.RequestMappingHandlerMapping [AbstractHandlerMethodMapping.java : 543] Mapped "{[/dbinfo/queryAll]}" onto public java.lang.Object cn.afterturn.gen.modular.code.controller.DbInfoController.queryAll(cn.afterturn.gen.modular.code.model.DbInfoModel)
2019-04-15 14:48:23,522 [INFO] [restartedMain] o.s.w.s.mvc.method.annotation.RequestMappingHandlerMapping [AbstractHandlerMethodMapping.java : 543] Mapped "{[/dbinfo/goto_update/{id}]}" onto public java.lang.String cn.afterturn.gen.modular.code.controller.DbInfoController.DbInfoUpdate(java.lang.Integer,org.springframework.ui.Model)
2019-04-15 14:48:23,523 [INFO] [restartedMain] o.s.w.s.mvc.method.annotation.RequestMappingHandlerMapping [AbstractHandlerMethodMapping.java : 543] Mapped "{[/dbinfo/goto_add]}" onto public java.lang.String cn.afterturn.gen.modular.code.controller.DbInfoController.DbInfoAdd()
2019-04-15 14:48:23,523 [INFO] [restartedMain] o.s.w.s.mvc.method.annotation.RequestMappingHandlerMapping [AbstractHandlerMethodMapping.java : 543] Mapped "{[/code]}" onto public java.lang.String cn.afterturn.gen.modular.code.controller.GenController.index(org.springframework.ui.Model)
2019-04-15 14:48:23,524 [INFO] [restartedMain] o.s.w.s.mvc.method.annotation.RequestMappingHandlerMapping [AbstractHandlerMethodMapping.java : 543] Mapped "{[/code/queryDatabses]}" onto public cn.afterturn.gen.core.model.ResponseModel cn.afterturn.gen.modular.code.controller.GenController.queryDatabses(cn.afterturn.gen.modular.code.model.DbInfoModel,cn.afterturn.gen.core.model.RequestModel)
2019-04-15 14:48:23,524 [INFO] [restartedMain] o.s.w.s.mvc.method.annotation.RequestMappingHandlerMapping [AbstractHandlerMethodMapping.java : 543] Mapped "{[/code/genCode]}" onto public void cn.afterturn.gen.modular.code.controller.GenController.genCode(cn.afterturn.gen.modular.code.model.DbInfoModel,java.lang.String,java.lang.String,java.lang.String,java.lang.String,cn.afterturn.gen.core.model.GenerationEntity,javax.servlet.http.HttpServletRequest,javax.servlet.http.HttpServletResponse)
2019-04-15 14:48:23,524 [INFO] [restartedMain] o.s.w.s.mvc.method.annotation.RequestMappingHandlerMapping [AbstractHandlerMethodMapping.java : 543] Mapped "{[/code/queryTables]}" onto public cn.afterturn.gen.core.model.ResponseModel cn.afterturn.gen.modular.code.controller.GenController.queryTables(cn.afterturn.gen.modular.code.model.DbInfoModel,java.lang.String,cn.afterturn.gen.core.model.RequestModel)
2019-04-15 14:48:23,524 [INFO] [restartedMain] o.s.w.s.mvc.method.annotation.RequestMappingHandlerMapping [AbstractHandlerMethodMapping.java : 543] Mapped "{[/code/tableGen/{id}]}" onto public java.lang.String cn.afterturn.gen.modular.code.controller.GenController.tableGen(org.springframework.ui.Model,java.lang.Integer)
2019-04-15 14:48:23,525 [INFO] [restartedMain] o.s.w.s.mvc.method.annotation.RequestMappingHandlerMapping [AbstractHandlerMethodMapping.java : 543] Mapped "{[/code/genTableCode]}" onto public void cn.afterturn.gen.modular.code.controller.GenController.genTableCode(java.lang.Integer,java.lang.String,java.lang.String,cn.afterturn.gen.core.model.GenerationEntity,javax.servlet.http.HttpServletRequest,javax.servlet.http.HttpServletResponse)
2019-04-15 14:48:23,527 [INFO] [restartedMain] o.s.w.s.mvc.method.annotation.RequestMappingHandlerMapping [AbstractHandlerMethodMapping.java : 543] Mapped "{[/genparam]}" onto public java.lang.String cn.afterturn.gen.modular.code.controller.GenParamController.index()
2019-04-15 14:48:23,527 [INFO] [restartedMain] o.s.w.s.mvc.method.annotation.RequestMappingHandlerMapping [AbstractHandlerMethodMapping.java : 543] Mapped "{[/genparam/add]}" onto public java.lang.Object cn.afterturn.gen.modular.code.controller.GenParamController.add(cn.afterturn.gen.modular.code.model.GenParamModel)
2019-04-15 14:48:23,528 [INFO] [restartedMain] o.s.w.s.mvc.method.annotation.RequestMappingHandlerMapping [AbstractHandlerMethodMapping.java : 543] Mapped "{[/genparam/update]}" onto public java.lang.Object cn.afterturn.gen.modular.code.controller.GenParamController.update(cn.afterturn.gen.modular.code.model.GenParamModel)
2019-04-15 14:48:23,528 [INFO] [restartedMain] o.s.w.s.mvc.method.annotation.RequestMappingHandlerMapping [AbstractHandlerMethodMapping.java : 543] Mapped "{[/genparam/delete]}" onto public java.lang.Object cn.afterturn.gen.modular.code.controller.GenParamController.delete(java.lang.Integer)
2019-04-15 14:48:23,528 [INFO] [restartedMain] o.s.w.s.mvc.method.annotation.RequestMappingHandlerMapping [AbstractHandlerMethodMapping.java : 543] Mapped "{[/genparam/list]}" onto public java.lang.Object cn.afterturn.gen.modular.code.controller.GenParamController.list(cn.afterturn.gen.modular.code.model.GenParamModel)
2019-04-15 14:48:23,528 [INFO] [restartedMain] o.s.w.s.mvc.method.annotation.RequestMappingHandlerMapping [AbstractHandlerMethodMapping.java : 543] Mapped "{[/genparam/detail]}" onto public java.lang.Object cn.afterturn.gen.modular.code.controller.GenParamController.detail(cn.afterturn.gen.modular.code.model.GenParamModel)
2019-04-15 14:48:23,529 [INFO] [restartedMain] o.s.w.s.mvc.method.annotation.RequestMappingHandlerMapping [AbstractHandlerMethodMapping.java : 543] Mapped "{[/genparam/goto_update/{id}]}" onto public java.lang.String cn.afterturn.gen.modular.code.controller.GenParamController.GenParamUpdate(java.lang.Integer,org.springframework.ui.Model)
2019-04-15 14:48:23,529 [INFO] [restartedMain] o.s.w.s.mvc.method.annotation.RequestMappingHandlerMapping [AbstractHandlerMethodMapping.java : 543] Mapped "{[/genparam/goto_add]}" onto public java.lang.String cn.afterturn.gen.modular.code.controller.GenParamController.GenParamAdd()
2019-04-15 14:48:23,529 [INFO] [restartedMain] o.s.w.s.mvc.method.annotation.RequestMappingHandlerMapping [AbstractHandlerMethodMapping.java : 543] Mapped "{[/share/clone/{groupId}],methods=[GET]}" onto public java.lang.String cn.afterturn.gen.modular.code.controller.ShareController.clone(java.lang.String,org.springframework.ui.Model)
2019-04-15 14:48:23,530 [INFO] [restartedMain] o.s.w.s.mvc.method.annotation.RequestMappingHandlerMapping [AbstractHandlerMethodMapping.java : 543] Mapped "{[/share/detail/{groupId}],methods=[GET]}" onto public java.lang.String cn.afterturn.gen.modular.code.controller.ShareController.sharedetail(java.lang.String,org.springframework.ui.Model)
2019-04-15 14:48:23,530 [INFO] [restartedMain] o.s.w.s.mvc.method.annotation.RequestMappingHandlerMapping [AbstractHandlerMethodMapping.java : 543] Mapped "{[/share],methods=[GET]}" onto public java.lang.String cn.afterturn.gen.modular.code.controller.ShareController.share()
2019-04-15 14:48:23,531 [INFO] [restartedMain] o.s.w.s.mvc.method.annotation.RequestMappingHandlerMapping [AbstractHandlerMethodMapping.java : 543] Mapped "{[/tablebasefield]}" onto public java.lang.String cn.afterturn.gen.modular.code.controller.TableBaseFieldController.index()
2019-04-15 14:48:23,531 [INFO] [restartedMain] o.s.w.s.mvc.method.annotation.RequestMappingHandlerMapping [AbstractHandlerMethodMapping.java : 543] Mapped "{[/tablebasefield/add]}" onto public java.lang.Object cn.afterturn.gen.modular.code.controller.TableBaseFieldController.add(cn.afterturn.gen.modular.code.model.TableBaseFieldModel,cn.afterturn.gen.modular.code.model.TableFieldModel,cn.afterturn.gen.modular.code.model.TableFieldVerifyModel)
2019-04-15 14:48:23,531 [INFO] [restartedMain] o.s.w.s.mvc.method.annotation.RequestMappingHandlerMapping [AbstractHandlerMethodMapping.java : 543] Mapped "{[/tablebasefield/update]}" onto public java.lang.Object cn.afterturn.gen.modular.code.controller.TableBaseFieldController.update(cn.afterturn.gen.modular.code.model.TableBaseFieldModel,cn.afterturn.gen.modular.code.model.TableFieldModel,cn.afterturn.gen.modular.code.model.TableFieldVerifyModel)
2019-04-15 14:48:23,532 [INFO] [restartedMain] o.s.w.s.mvc.method.annotation.RequestMappingHandlerMapping [AbstractHandlerMethodMapping.java : 543] Mapped "{[/tablebasefield/delete]}" onto public java.lang.Object cn.afterturn.gen.modular.code.controller.TableBaseFieldController.delete(java.lang.Integer)
2019-04-15 14:48:23,532 [INFO] [restartedMain] o.s.w.s.mvc.method.annotation.RequestMappingHandlerMapping [AbstractHandlerMethodMapping.java : 543] Mapped "{[/tablebasefield/list]}" onto public java.lang.Object cn.afterturn.gen.modular.code.controller.TableBaseFieldController.list(cn.afterturn.gen.modular.code.model.TableBaseFieldModel,javax.servlet.http.HttpServletRequest,javax.servlet.http.HttpServletResponse)
2019-04-15 14:48:23,532 [INFO] [restartedMain] o.s.w.s.mvc.method.annotation.RequestMappingHandlerMapping [AbstractHandlerMethodMapping.java : 543] Mapped "{[/tablebasefield/detail]}" onto public java.lang.Object cn.afterturn.gen.modular.code.controller.TableBaseFieldController.detail(cn.afterturn.gen.modular.code.model.TableBaseFieldModel)
2019-04-15 14:48:23,532 [INFO] [restartedMain] o.s.w.s.mvc.method.annotation.RequestMappingHandlerMapping [AbstractHandlerMethodMapping.java : 543] Mapped "{[/tablebasefield/goto_add]}" onto public java.lang.String cn.afterturn.gen.modular.code.controller.TableBaseFieldController.gotoAdd()
2019-04-15 14:48:23,533 [INFO] [restartedMain] o.s.w.s.mvc.method.annotation.RequestMappingHandlerMapping [AbstractHandlerMethodMapping.java : 543] Mapped "{[/tablebasefield/goto_update/{id}]}" onto public java.lang.String cn.afterturn.gen.modular.code.controller.TableBaseFieldController.gotoUpdate(java.lang.Integer,org.springframework.ui.Model)
2019-04-15 14:48:23,533 [INFO] [restartedMain] o.s.w.s.mvc.method.annotation.RequestMappingHandlerMapping [AbstractHandlerMethodMapping.java : 543] Mapped "{[/tablefield]}" onto public java.lang.String cn.afterturn.gen.modular.code.controller.TableFieldController.index()
2019-04-15 14:48:23,534 [INFO] [restartedMain] o.s.w.s.mvc.method.annotation.RequestMappingHandlerMapping [AbstractHandlerMethodMapping.java : 543] Mapped "{[/tablefield/add]}" onto public java.lang.Object cn.afterturn.gen.modular.code.controller.TableFieldController.add(cn.afterturn.gen.modular.code.model.TableFieldModel)
2019-04-15 14:48:23,534 [INFO] [restartedMain] o.s.w.s.mvc.method.annotation.RequestMappingHandlerMapping [AbstractHandlerMethodMapping.java : 543] Mapped "{[/tablefield/update]}" onto public java.lang.Object cn.afterturn.gen.modular.code.controller.TableFieldController.update(cn.afterturn.gen.modular.code.model.TableFieldModel)
2019-04-15 14:48:23,534 [INFO] [restartedMain] o.s.w.s.mvc.method.annotation.RequestMappingHandlerMapping [AbstractHandlerMethodMapping.java : 543] Mapped "{[/tablefield/delete]}" onto public java.lang.Object cn.afterturn.gen.modular.code.controller.TableFieldController.delete(java.lang.Integer)
2019-04-15 14:48:23,534 [INFO] [restartedMain] o.s.w.s.mvc.method.annotation.RequestMappingHandlerMapping [AbstractHandlerMethodMapping.java : 543] Mapped "{[/tablefield/list]}" onto public java.lang.Object cn.afterturn.gen.modular.code.controller.TableFieldController.list(cn.afterturn.gen.modular.code.model.TableFieldModel)
2019-04-15 14:48:23,535 [INFO] [restartedMain] o.s.w.s.mvc.method.annotation.RequestMappingHandlerMapping [AbstractHandlerMethodMapping.java : 543] Mapped "{[/tablefield/detail]}" onto public java.lang.Object cn.afterturn.gen.modular.code.controller.TableFieldController.detail(cn.afterturn.gen.modular.code.model.TableFieldModel)
2019-04-15 14:48:23,535 [INFO] [restartedMain] o.s.w.s.mvc.method.annotation.RequestMappingHandlerMapping [AbstractHandlerMethodMapping.java : 543] Mapped "{[/tablefield/goto_add]}" onto public java.lang.String cn.afterturn.gen.modular.code.controller.TableFieldController.TableFieldAdd()
2019-04-15 14:48:23,535 [INFO] [restartedMain] o.s.w.s.mvc.method.annotation.RequestMappingHandlerMapping [AbstractHandlerMethodMapping.java : 543] Mapped "{[/tablefield/goto_update/{id}]}" onto public java.lang.String cn.afterturn.gen.modular.code.controller.TableFieldController.TableFieldUpdate(java.lang.Integer,org.springframework.ui.Model)
2019-04-15 14:48:23,536 [INFO] [restartedMain] o.s.w.s.mvc.method.annotation.RequestMappingHandlerMapping [AbstractHandlerMethodMapping.java : 543] Mapped "{[/tableinfo]}" onto public java.lang.String cn.afterturn.gen.modular.code.controller.TableInfoController.index()
2019-04-15 14:48:23,537 [INFO] [restartedMain] o.s.w.s.mvc.method.annotation.RequestMappingHandlerMapping [AbstractHandlerMethodMapping.java : 543] Mapped "{[/tableinfo/add]}" onto public java.lang.Object cn.afterturn.gen.modular.code.controller.TableInfoController.add(cn.afterturn.gen.modular.code.model.TableInfoModel)
2019-04-15 14:48:23,537 [INFO] [restartedMain] o.s.w.s.mvc.method.annotation.RequestMappingHandlerMapping [AbstractHandlerMethodMapping.java : 543] Mapped "{[/tableinfo/update]}" onto public java.lang.Object cn.afterturn.gen.modular.code.controller.TableInfoController.update(cn.afterturn.gen.modular.code.model.TableInfoModel)
2019-04-15 14:48:23,537 [INFO] [restartedMain] o.s.w.s.mvc.method.annotation.RequestMappingHandlerMapping [AbstractHandlerMethodMapping.java : 543] Mapped "{[/tableinfo/delete]}" onto public java.lang.Object cn.afterturn.gen.modular.code.controller.TableInfoController.delete(java.lang.Integer)
2019-04-15 14:48:23,537 [INFO] [restartedMain] o.s.w.s.mvc.method.annotation.RequestMappingHandlerMapping [AbstractHandlerMethodMapping.java : 543] Mapped "{[/tableinfo/list]}" onto public java.lang.Object cn.afterturn.gen.modular.code.controller.TableInfoController.list(cn.afterturn.gen.modular.code.model.TableInfoModel)
2019-04-15 14:48:23,538 [INFO] [restartedMain] o.s.w.s.mvc.method.annotation.RequestMappingHandlerMapping [AbstractHandlerMethodMapping.java : 543] Mapped "{[/tableinfo/detail]}" onto public java.lang.Object cn.afterturn.gen.modular.code.controller.TableInfoController.detail(cn.afterturn.gen.modular.code.model.TableInfoModel)
2019-04-15 14:48:23,538 [INFO] [restartedMain] o.s.w.s.mvc.method.annotation.RequestMappingHandlerMapping [AbstractHandlerMethodMapping.java : 543] Mapped "{[/tableinfo/dbimport]}" onto public java.lang.Object cn.afterturn.gen.modular.code.controller.TableInfoController.dbImport(cn.afterturn.gen.modular.code.model.DbInfoModel,java.lang.String,java.lang.String)
2019-04-15 14:48:23,538 [INFO] [restartedMain] o.s.w.s.mvc.method.annotation.RequestMappingHandlerMapping [AbstractHandlerMethodMapping.java : 543] Mapped "{[/tableinfo/goto_add]}" onto public java.lang.String cn.afterturn.gen.modular.code.controller.TableInfoController.tableInfoAdd()
2019-04-15 14:48:23,539 [INFO] [restartedMain] o.s.w.s.mvc.method.annotation.RequestMappingHandlerMapping [AbstractHandlerMethodMapping.java : 543] Mapped "{[/tableinfo/sqlimport]}" onto public java.lang.Object cn.afterturn.gen.modular.code.controller.TableInfoController.sqlImport(java.lang.String,java.lang.String)
2019-04-15 14:48:23,539 [INFO] [restartedMain] o.s.w.s.mvc.method.annotation.RequestMappingHandlerMapping [AbstractHandlerMethodMapping.java : 543] Mapped "{[/tableinfo/goto_update/{id}]}" onto public java.lang.String cn.afterturn.gen.modular.code.controller.TableInfoController.tbleInfoUpdate(java.lang.Integer,org.springframework.ui.Model)
2019-04-15 14:48:23,539 [INFO] [restartedMain] o.s.w.s.mvc.method.annotation.RequestMappingHandlerMapping [AbstractHandlerMethodMapping.java : 543] Mapped "{[/tableinfo/goto_sqlimport]}" onto public java.lang.String cn.afterturn.gen.modular.code.controller.TableInfoController.tableInfoSQLImport()
2019-04-15 14:48:23,539 [INFO] [restartedMain] o.s.w.s.mvc.method.annotation.RequestMappingHandlerMapping [AbstractHandlerMethodMapping.java : 543] Mapped "{[/tableinfo/goto_dbimport]}" onto public java.lang.String cn.afterturn.gen.modular.code.controller.TableInfoController.tableInfoDbImport()
2019-04-15 14:48:23,540 [INFO] [restartedMain] o.s.w.s.mvc.method.annotation.RequestMappingHandlerMapping [AbstractHandlerMethodMapping.java : 543] Mapped "{[/tableserviceconfig]}" onto public java.lang.String cn.afterturn.gen.modular.code.controller.TableServiceConfigController.index()
2019-04-15 14:48:23,541 [INFO] [restartedMain] o.s.w.s.mvc.method.annotation.RequestMappingHandlerMapping [AbstractHandlerMethodMapping.java : 543] Mapped "{[/tableserviceconfig/add]}" onto public java.lang.Object cn.afterturn.gen.modular.code.controller.TableServiceConfigController.add(cn.afterturn.gen.modular.code.model.TableServiceConfigModel)
2019-04-15 14:48:23,541 [INFO] [restartedMain] o.s.w.s.mvc.method.annotation.RequestMappingHandlerMapping [AbstractHandlerMethodMapping.java : 543] Mapped "{[/tableserviceconfig/update]}" onto public java.lang.Object cn.afterturn.gen.modular.code.controller.TableServiceConfigController.update(cn.afterturn.gen.modular.code.model.TableServiceConfigModel)
2019-04-15 14:48:23,541 [INFO] [restartedMain] o.s.w.s.mvc.method.annotation.RequestMappingHandlerMapping [AbstractHandlerMethodMapping.java : 543] Mapped "{[/tableserviceconfig/delete]}" onto public java.lang.Object cn.afterturn.gen.modular.code.controller.TableServiceConfigController.delete(java.lang.Integer)
2019-04-15 14:48:23,541 [INFO] [restartedMain] o.s.w.s.mvc.method.annotation.RequestMappingHandlerMapping [AbstractHandlerMethodMapping.java : 543] Mapped "{[/tableserviceconfig/list]}" onto public java.lang.Object cn.afterturn.gen.modular.code.controller.TableServiceConfigController.list(cn.afterturn.gen.modular.code.model.TableServiceConfigModel)
2019-04-15 14:48:23,542 [INFO] [restartedMain] o.s.w.s.mvc.method.annotation.RequestMappingHandlerMapping [AbstractHandlerMethodMapping.java : 543] Mapped "{[/tableserviceconfig/detail]}" onto public java.lang.Object cn.afterturn.gen.modular.code.controller.TableServiceConfigController.detail(cn.afterturn.gen.modular.code.model.TableServiceConfigModel)
2019-04-15 14:48:23,542 [INFO] [restartedMain] o.s.w.s.mvc.method.annotation.RequestMappingHandlerMapping [AbstractHandlerMethodMapping.java : 543] Mapped "{[/tableserviceconfig/goto_add]}" onto public java.lang.String cn.afterturn.gen.modular.code.controller.TableServiceConfigController.TableServiceConfigAdd()
2019-04-15 14:48:23,542 [INFO] [restartedMain] o.s.w.s.mvc.method.annotation.RequestMappingHandlerMapping [AbstractHandlerMethodMapping.java : 543] Mapped "{[/tableserviceconfig/goto_update/{id}]}" onto public java.lang.String cn.afterturn.gen.modular.code.controller.TableServiceConfigController.TableServiceConfigUpdate(java.lang.Integer,org.springframework.ui.Model)
2019-04-15 14:48:23,543 [INFO] [restartedMain] o.s.w.s.mvc.method.annotation.RequestMappingHandlerMapping [AbstractHandlerMethodMapping.java : 543] Mapped "{[/template]}" onto public java.lang.String cn.afterturn.gen.modular.code.controller.TemplateController.index(org.springframework.ui.Model)
2019-04-15 14:48:23,544 [INFO] [restartedMain] o.s.w.s.mvc.method.annotation.RequestMappingHandlerMapping [AbstractHandlerMethodMapping.java : 543] Mapped "{[/template/add]}" onto public java.lang.Object cn.afterturn.gen.modular.code.controller.TemplateController.add(cn.afterturn.gen.modular.code.model.TemplateModel) throws java.io.UnsupportedEncodingException
2019-04-15 14:48:23,544 [INFO] [restartedMain] o.s.w.s.mvc.method.annotation.RequestMappingHandlerMapping [AbstractHandlerMethodMapping.java : 543] Mapped "{[/template/update]}" onto public java.lang.Object cn.afterturn.gen.modular.code.controller.TemplateController.update(cn.afterturn.gen.modular.code.model.TemplateModel) throws java.io.UnsupportedEncodingException
2019-04-15 14:48:23,544 [INFO] [restartedMain] o.s.w.s.mvc.method.annotation.RequestMappingHandlerMapping [AbstractHandlerMethodMapping.java : 543] Mapped "{[/template/delete]}" onto public java.lang.Object cn.afterturn.gen.modular.code.controller.TemplateController.delete(java.lang.Integer)
2019-04-15 14:48:23,544 [INFO] [restartedMain] o.s.w.s.mvc.method.annotation.RequestMappingHandlerMapping [AbstractHandlerMethodMapping.java : 543] Mapped "{[/template/list]}" onto public java.lang.Object cn.afterturn.gen.modular.code.controller.TemplateController.list(cn.afterturn.gen.modular.code.model.TemplateModel)
2019-04-15 14:48:23,545 [INFO] [restartedMain] o.s.w.s.mvc.method.annotation.RequestMappingHandlerMapping [AbstractHandlerMethodMapping.java : 543] Mapped "{[/template/detail]}" onto public java.lang.Object cn.afterturn.gen.modular.code.controller.TemplateController.detail(cn.afterturn.gen.modular.code.model.TemplateModel)
2019-04-15 14:48:23,545 [INFO] [restartedMain] o.s.w.s.mvc.method.annotation.RequestMappingHandlerMapping [AbstractHandlerMethodMapping.java : 543] Mapped "{[/template/goto_add]}" onto public java.lang.String cn.afterturn.gen.modular.code.controller.TemplateController.gotoAdd(org.springframework.ui.Model)
2019-04-15 14:48:23,545 [INFO] [restartedMain] o.s.w.s.mvc.method.annotation.RequestMappingHandlerMapping [AbstractHandlerMethodMapping.java : 543] Mapped "{[/template/goto_update/{id}]}" onto public java.lang.String cn.afterturn.gen.modular.code.controller.TemplateController.gotoUpdate(java.lang.Integer,org.springframework.ui.Model)
2019-04-15 14:48:23,545 [INFO] [restartedMain] o.s.w.s.mvc.method.annotation.RequestMappingHandlerMapping [AbstractHandlerMethodMapping.java : 543] Mapped "{[/template/goto_detail/{id}]}" onto public java.lang.String cn.afterturn.gen.modular.code.controller.TemplateController.gotoDetail(java.lang.Integer,org.springframework.ui.Model)
2019-04-15 14:48:23,546 [INFO] [restartedMain] o.s.w.s.mvc.method.annotation.RequestMappingHandlerMapping [AbstractHandlerMethodMapping.java : 543] Mapped "{[/template/history]}" onto public java.lang.String cn.afterturn.gen.modular.code.controller.TemplateController.history(org.springframework.ui.Model,java.lang.String)
2019-04-15 14:48:23,546 [INFO] [restartedMain] o.s.w.s.mvc.method.annotation.RequestMappingHandlerMapping [AbstractHandlerMethodMapping.java : 543] Mapped "{[/template/goto_save_as/{id}]}" onto public java.lang.String cn.afterturn.gen.modular.code.controller.TemplateController.gotoSaveAs(java.lang.Integer,org.springframework.ui.Model)
2019-04-15 14:48:23,547 [INFO] [restartedMain] o.s.w.s.mvc.method.annotation.RequestMappingHandlerMapping [AbstractHandlerMethodMapping.java : 543] Mapped "{[/templategroup]}" onto public java.lang.String cn.afterturn.gen.modular.code.controller.TemplateGroupController.index()
2019-04-15 14:48:23,547 [INFO] [restartedMain] o.s.w.s.mvc.method.annotation.RequestMappingHandlerMapping [AbstractHandlerMethodMapping.java : 543] Mapped "{[/templategroup/add]}" onto public java.lang.Object cn.afterturn.gen.modular.code.controller.TemplateGroupController.add(cn.afterturn.gen.modular.code.model.TemplateGroupModel)
2019-04-15 14:48:23,547 [INFO] [restartedMain] o.s.w.s.mvc.method.annotation.RequestMappingHandlerMapping [AbstractHandlerMethodMapping.java : 543] Mapped "{[/templategroup/update]}" onto public java.lang.Object cn.afterturn.gen.modular.code.controller.TemplateGroupController.update(cn.afterturn.gen.modular.code.model.TemplateGroupModel)
2019-04-15 14:48:23,548 [INFO] [restartedMain] o.s.w.s.mvc.method.annotation.RequestMappingHandlerMapping [AbstractHandlerMethodMapping.java : 543] Mapped "{[/templategroup/delete]}" onto public java.lang.Object cn.afterturn.gen.modular.code.controller.TemplateGroupController.delete(java.lang.Integer)
2019-04-15 14:48:23,548 [INFO] [restartedMain] o.s.w.s.mvc.method.annotation.RequestMappingHandlerMapping [AbstractHandlerMethodMapping.java : 543] Mapped "{[/templategroup/list]}" onto public java.lang.Object cn.afterturn.gen.modular.code.controller.TemplateGroupController.list(cn.afterturn.gen.modular.code.model.TemplateGroupModel)
2019-04-15 14:48:23,548 [INFO] [restartedMain] o.s.w.s.mvc.method.annotation.RequestMappingHandlerMapping [AbstractHandlerMethodMapping.java : 543] Mapped "{[/templategroup/detail]}" onto public java.lang.Object cn.afterturn.gen.modular.code.controller.TemplateGroupController.detail(cn.afterturn.gen.modular.code.model.TemplateGroupModel)
2019-04-15 14:48:23,548 [INFO] [restartedMain] o.s.w.s.mvc.method.annotation.RequestMappingHandlerMapping [AbstractHandlerMethodMapping.java : 543] Mapped "{[/templategroup/share/{id}]}" onto public java.lang.Object cn.afterturn.gen.modular.code.controller.TemplateGroupController.share(java.lang.Integer)
2019-04-15 14:48:23,549 [INFO] [restartedMain] o.s.w.s.mvc.method.annotation.RequestMappingHandlerMapping [AbstractHandlerMethodMapping.java : 543] Mapped "{[/templategroup/goto_add]}" onto public java.lang.String cn.afterturn.gen.modular.code.controller.TemplateGroupController.TemplateGroupAdd()
2019-04-15 14:48:23,549 [INFO] [restartedMain] o.s.w.s.mvc.method.annotation.RequestMappingHandlerMapping [AbstractHandlerMethodMapping.java : 543] Mapped "{[/templategroup/goto_update/{id}]}" onto public java.lang.String cn.afterturn.gen.modular.code.controller.TemplateGroupController.TemplateGroupUpdate(java.lang.Integer,org.springframework.ui.Model)
2019-04-15 14:48:23,550 [INFO] [restartedMain] o.s.w.s.mvc.method.annotation.RequestMappingHandlerMapping [AbstractHandlerMethodMapping.java : 543] Mapped "{[/templateshare]}" onto public java.lang.String cn.afterturn.gen.modular.code.controller.TemplateShareController.index()
2019-04-15 14:48:23,550 [INFO] [restartedMain] o.s.w.s.mvc.method.annotation.RequestMappingHandlerMapping [AbstractHandlerMethodMapping.java : 543] Mapped "{[/templateshare/add]}" onto public java.lang.Object cn.afterturn.gen.modular.code.controller.TemplateShareController.add(cn.afterturn.gen.modular.code.model.TemplateShareModel)
2019-04-15 14:48:23,550 [INFO] [restartedMain] o.s.w.s.mvc.method.annotation.RequestMappingHandlerMapping [AbstractHandlerMethodMapping.java : 543] Mapped "{[/templateshare/update]}" onto public java.lang.Object cn.afterturn.gen.modular.code.controller.TemplateShareController.update(cn.afterturn.gen.modular.code.model.TemplateShareModel)
2019-04-15 14:48:23,550 [INFO] [restartedMain] o.s.w.s.mvc.method.annotation.RequestMappingHandlerMapping [AbstractHandlerMethodMapping.java : 543] Mapped "{[/templateshare/delete]}" onto public java.lang.Object cn.afterturn.gen.modular.code.controller.TemplateShareController.delete(java.lang.Integer)
2019-04-15 14:48:23,551 [INFO] [restartedMain] o.s.w.s.mvc.method.annotation.RequestMappingHandlerMapping [AbstractHandlerMethodMapping.java : 543] Mapped "{[/templateshare/list]}" onto public java.lang.Object cn.afterturn.gen.modular.code.controller.TemplateShareController.list(cn.afterturn.gen.modular.code.model.TemplateShareModel)
2019-04-15 14:48:23,551 [INFO] [restartedMain] o.s.w.s.mvc.method.annotation.RequestMappingHandlerMapping [AbstractHandlerMethodMapping.java : 543] Mapped "{[/templateshare/detail]}" onto public java.lang.Object cn.afterturn.gen.modular.code.controller.TemplateShareController.detail(cn.afterturn.gen.modular.code.model.TemplateShareModel)
2019-04-15 14:48:23,551 [INFO] [restartedMain] o.s.w.s.mvc.method.annotation.RequestMappingHandlerMapping [AbstractHandlerMethodMapping.java : 543] Mapped "{[/templateshare/goto_add]}" onto public java.lang.String cn.afterturn.gen.modular.code.controller.TemplateShareController.TemplateShareAdd()
2019-04-15 14:48:23,551 [INFO] [restartedMain] o.s.w.s.mvc.method.annotation.RequestMappingHandlerMapping [AbstractHandlerMethodMapping.java : 543] Mapped "{[/templateshare/goto_update/{id}]}" onto public java.lang.String cn.afterturn.gen.modular.code.controller.TemplateShareController.TemplateShareUpdate(java.lang.Integer,org.springframework.ui.Model)
2019-04-15 14:48:23,552 [INFO] [restartedMain] o.s.w.s.mvc.method.annotation.RequestMappingHandlerMapping [AbstractHandlerMethodMapping.java : 543] Mapped "{[/blackboard]}" onto public java.lang.String cn.afterturn.gen.modular.system.controller.BlackboardController.blackboard(org.springframework.ui.Model)
2019-04-15 14:48:23,553 [INFO] [restartedMain] o.s.w.s.mvc.method.annotation.RequestMappingHandlerMapping [AbstractHandlerMethodMapping.java : 543] Mapped "{[/dept]}" onto public java.lang.String cn.afterturn.gen.modular.system.controller.DeptController.index()
2019-04-15 14:48:23,553 [INFO] [restartedMain] o.s.w.s.mvc.method.annotation.RequestMappingHandlerMapping [AbstractHandlerMethodMapping.java : 543] Mapped "{[/dept/add]}" onto public java.lang.Object cn.afterturn.gen.modular.system.controller.DeptController.add(cn.afterturn.gen.common.persistence.model.Dept)
2019-04-15 14:48:23,553 [INFO] [restartedMain] o.s.w.s.mvc.method.annotation.RequestMappingHandlerMapping [AbstractHandlerMethodMapping.java : 543] Mapped "{[/dept/update]}" onto public java.lang.Object cn.afterturn.gen.modular.system.controller.DeptController.update(cn.afterturn.gen.common.persistence.model.Dept)
2019-04-15 14:48:23,554 [INFO] [restartedMain] o.s.w.s.mvc.method.annotation.RequestMappingHandlerMapping [AbstractHandlerMethodMapping.java : 543] Mapped "{[/dept/delete]}" onto public java.lang.Object cn.afterturn.gen.modular.system.controller.DeptController.delete(java.lang.Integer)
2019-04-15 14:48:23,554 [INFO] [restartedMain] o.s.w.s.mvc.method.annotation.RequestMappingHandlerMapping [AbstractHandlerMethodMapping.java : 543] Mapped "{[/dept/list]}" onto public java.lang.Object cn.afterturn.gen.modular.system.controller.DeptController.list(java.lang.String)
2019-04-15 14:48:23,554 [INFO] [restartedMain] o.s.w.s.mvc.method.annotation.RequestMappingHandlerMapping [AbstractHandlerMethodMapping.java : 543] Mapped "{[/dept/tree]}" onto public java.util.List<cn.afterturn.gen.core.node.ZTreeNode> cn.afterturn.gen.modular.system.controller.DeptController.tree()
2019-04-15 14:48:23,554 [INFO] [restartedMain] o.s.w.s.mvc.method.annotation.RequestMappingHandlerMapping [AbstractHandlerMethodMapping.java : 543] Mapped "{[/dept/detail/{deptId}]}" onto public java.lang.Object cn.afterturn.gen.modular.system.controller.DeptController.detail(java.lang.Integer)
2019-04-15 14:48:23,555 [INFO] [restartedMain] o.s.w.s.mvc.method.annotation.RequestMappingHandlerMapping [AbstractHandlerMethodMapping.java : 543] Mapped "{[/dept/dept_add]}" onto public java.lang.String cn.afterturn.gen.modular.system.controller.DeptController.deptAdd()
2019-04-15 14:48:23,555 [INFO] [restartedMain] o.s.w.s.mvc.method.annotation.RequestMappingHandlerMapping [AbstractHandlerMethodMapping.java : 543] Mapped "{[/dept/dept_update/{deptId}]}" onto public java.lang.String cn.afterturn.gen.modular.system.controller.DeptController.deptUpdate(java.lang.Integer,org.springframework.ui.Model)
2019-04-15 14:48:23,556 [INFO] [restartedMain] o.s.w.s.mvc.method.annotation.RequestMappingHandlerMapping [AbstractHandlerMethodMapping.java : 543] Mapped "{[/dict]}" onto public java.lang.String cn.afterturn.gen.modular.system.controller.DictController.index()
2019-04-15 14:48:23,556 [INFO] [restartedMain] o.s.w.s.mvc.method.annotation.RequestMappingHandlerMapping [AbstractHandlerMethodMapping.java : 543] Mapped "{[/dict/add]}" onto public java.lang.Object cn.afterturn.gen.modular.system.controller.DictController.add(java.lang.String,java.lang.String)
2019-04-15 14:48:23,557 [INFO] [restartedMain] o.s.w.s.mvc.method.annotation.RequestMappingHandlerMapping [AbstractHandlerMethodMapping.java : 543] Mapped "{[/dict/update]}" onto public java.lang.Object cn.afterturn.gen.modular.system.controller.DictController.update(java.lang.Integer,java.lang.String,java.lang.String)
2019-04-15 14:48:23,557 [INFO] [restartedMain] o.s.w.s.mvc.method.annotation.RequestMappingHandlerMapping [AbstractHandlerMethodMapping.java : 543] Mapped "{[/dict/delete]}" onto public java.lang.Object cn.afterturn.gen.modular.system.controller.DictController.delete(java.lang.Integer)
2019-04-15 14:48:23,557 [INFO] [restartedMain] o.s.w.s.mvc.method.annotation.RequestMappingHandlerMapping [AbstractHandlerMethodMapping.java : 543] Mapped "{[/dict/list]}" onto public java.lang.Object cn.afterturn.gen.modular.system.controller.DictController.list(java.lang.String)
2019-04-15 14:48:23,557 [INFO] [restartedMain] o.s.w.s.mvc.method.annotation.RequestMappingHandlerMapping [AbstractHandlerMethodMapping.java : 543] Mapped "{[/dict/getKeys/{dictName}]}" onto public java.lang.Object cn.afterturn.gen.modular.system.controller.DictController.getKeys(java.lang.String)
2019-04-15 14:48:23,557 [INFO] [restartedMain] o.s.w.s.mvc.method.annotation.RequestMappingHandlerMapping [AbstractHandlerMethodMapping.java : 543] Mapped "{[/dict/detail/{dictId}]}" onto public java.lang.Object cn.afterturn.gen.modular.system.controller.DictController.detail(java.lang.Integer)
2019-04-15 14:48:23,558 [INFO] [restartedMain] o.s.w.s.mvc.method.annotation.RequestMappingHandlerMapping [AbstractHandlerMethodMapping.java : 543] Mapped "{[/dict/dict_add]}" onto public java.lang.String cn.afterturn.gen.modular.system.controller.DictController.deptAdd()
2019-04-15 14:48:23,558 [INFO] [restartedMain] o.s.w.s.mvc.method.annotation.RequestMappingHandlerMapping [AbstractHandlerMethodMapping.java : 543] Mapped "{[/dict/dict_edit/{dictId}]}" onto public java.lang.String cn.afterturn.gen.modular.system.controller.DictController.deptUpdate(java.lang.Integer,org.springframework.ui.Model)
2019-04-15 14:48:23,558 [INFO] [restartedMain] o.s.w.s.mvc.method.annotation.RequestMappingHandlerMapping [AbstractHandlerMethodMapping.java : 543] Mapped "{[/dict/getDataByKey/{dictName}/{num}]}" onto public java.lang.Object cn.afterturn.gen.modular.system.controller.DictController.getDataByKey(java.lang.String,int)
2019-04-15 14:48:23,559 [INFO] [restartedMain] o.s.w.s.mvc.method.annotation.RequestMappingHandlerMapping [AbstractHandlerMethodMapping.java : 543] Mapped "{[/kaptcha]}" onto public void cn.afterturn.gen.modular.system.controller.KaptchaController.index(javax.servlet.http.HttpServletRequest,javax.servlet.http.HttpServletResponse)
2019-04-15 14:48:23,559 [INFO] [restartedMain] o.s.w.s.mvc.method.annotation.RequestMappingHandlerMapping [AbstractHandlerMethodMapping.java : 543] Mapped "{[/kaptcha/{pictureId}]}" onto public void cn.afterturn.gen.modular.system.controller.KaptchaController.renderPicture(java.lang.String,javax.servlet.http.HttpServletResponse)
2019-04-15 14:48:23,559 [INFO] [restartedMain] o.s.w.s.mvc.method.annotation.RequestMappingHandlerMapping [AbstractHandlerMethodMapping.java : 543] Mapped "{[/log]}" onto public java.lang.String cn.afterturn.gen.modular.system.controller.LogController.index()
2019-04-15 14:48:23,559 [INFO] [restartedMain] o.s.w.s.mvc.method.annotation.RequestMappingHandlerMapping [AbstractHandlerMethodMapping.java : 543] Mapped "{[/log/list]}" onto public java.lang.Object cn.afterturn.gen.modular.system.controller.LogController.list(java.lang.String,java.lang.String,java.lang.String,java.lang.Integer)
2019-04-15 14:48:23,560 [INFO] [restartedMain] o.s.w.s.mvc.method.annotation.RequestMappingHandlerMapping [AbstractHandlerMethodMapping.java : 543] Mapped "{[/log/detail/{id}]}" onto public java.lang.Object cn.afterturn.gen.modular.system.controller.LogController.detail(java.lang.Integer)
2019-04-15 14:48:23,560 [INFO] [restartedMain] o.s.w.s.mvc.method.annotation.RequestMappingHandlerMapping [AbstractHandlerMethodMapping.java : 543] Mapped "{[/log/delLog]}" onto public java.lang.Object cn.afterturn.gen.modular.system.controller.LogController.delLog()
2019-04-15 14:48:23,560 [INFO] [restartedMain] o.s.w.s.mvc.method.annotation.RequestMappingHandlerMapping [AbstractHandlerMethodMapping.java : 543] Mapped "{[/],methods=[GET]}" onto public java.lang.String cn.afterturn.gen.modular.system.controller.LoginController.index(org.springframework.ui.Model)
2019-04-15 14:48:23,561 [INFO] [restartedMain] o.s.w.s.mvc.method.annotation.RequestMappingHandlerMapping [AbstractHandlerMethodMapping.java : 543] Mapped "{[/register],methods=[GET]}" onto public java.lang.String cn.afterturn.gen.modular.system.controller.LoginController.register()
2019-04-15 14:48:23,561 [INFO] [restartedMain] o.s.w.s.mvc.method.annotation.RequestMappingHandlerMapping [AbstractHandlerMethodMapping.java : 543] Mapped "{[/logout],methods=[GET]}" onto public java.lang.String cn.afterturn.gen.modular.system.controller.LoginController.logOut()
2019-04-15 14:48:23,561 [INFO] [restartedMain] o.s.w.s.mvc.method.annotation.RequestMappingHandlerMapping [AbstractHandlerMethodMapping.java : 543] Mapped "{[/login],methods=[GET]}" onto public java.lang.String cn.afterturn.gen.modular.system.controller.LoginController.login()
2019-04-15 14:48:23,561 [INFO] [restartedMain] o.s.w.s.mvc.method.annotation.RequestMappingHandlerMapping [AbstractHandlerMethodMapping.java : 543] Mapped "{[/login],methods=[POST]}" onto public java.lang.String cn.afterturn.gen.modular.system.controller.LoginController.loginVali()
2019-04-15 14:48:23,561 [INFO] [restartedMain] o.s.w.s.mvc.method.annotation.RequestMappingHandlerMapping [AbstractHandlerMethodMapping.java : 543] Mapped "{[/register],methods=[POST]}" onto public java.lang.String cn.afterturn.gen.modular.system.controller.LoginController.registerVali(java.lang.String,java.lang.String)
2019-04-15 14:48:23,562 [INFO] [restartedMain] o.s.w.s.mvc.method.annotation.RequestMappingHandlerMapping [AbstractHandlerMethodMapping.java : 543] Mapped "{[/loginLog]}" onto public java.lang.String cn.afterturn.gen.modular.system.controller.LoginLogController.index()
2019-04-15 14:48:23,562 [INFO] [restartedMain] o.s.w.s.mvc.method.annotation.RequestMappingHandlerMapping [AbstractHandlerMethodMapping.java : 543] Mapped "{[/loginLog/list]}" onto public java.lang.Object cn.afterturn.gen.modular.system.controller.LoginLogController.list(java.lang.String,java.lang.String,java.lang.String)
2019-04-15 14:48:23,562 [INFO] [restartedMain] o.s.w.s.mvc.method.annotation.RequestMappingHandlerMapping [AbstractHandlerMethodMapping.java : 543] Mapped "{[/loginLog/delLoginLog]}" onto public java.lang.Object cn.afterturn.gen.modular.system.controller.LoginLogController.delLog()
2019-04-15 14:48:23,564 [INFO] [restartedMain] o.s.w.s.mvc.method.annotation.RequestMappingHandlerMapping [AbstractHandlerMethodMapping.java : 543] Mapped "{[/menu]}" onto public java.lang.String cn.afterturn.gen.modular.system.controller.MenuController.index()
2019-04-15 14:48:23,564 [INFO] [restartedMain] o.s.w.s.mvc.method.annotation.RequestMappingHandlerMapping [AbstractHandlerMethodMapping.java : 543] Mapped "{[/menu/add]}" onto public cn.afterturn.gen.core.base.tips.Tip cn.afterturn.gen.modular.system.controller.MenuController.add(cn.afterturn.gen.common.persistence.model.Menu,org.springframework.validation.BindingResult)
2019-04-15 14:48:23,564 [INFO] [restartedMain] o.s.w.s.mvc.method.annotation.RequestMappingHandlerMapping [AbstractHandlerMethodMapping.java : 543] Mapped "{[/menu/remove]}" onto public cn.afterturn.gen.core.base.tips.Tip cn.afterturn.gen.modular.system.controller.MenuController.remove(java.lang.Integer)
2019-04-15 14:48:23,564 [INFO] [restartedMain] o.s.w.s.mvc.method.annotation.RequestMappingHandlerMapping [AbstractHandlerMethodMapping.java : 543] Mapped "{[/menu/list]}" onto public java.lang.Object cn.afterturn.gen.modular.system.controller.MenuController.list(java.lang.String,java.lang.String)
2019-04-15 14:48:23,565 [INFO] [restartedMain] o.s.w.s.mvc.method.annotation.RequestMappingHandlerMapping [AbstractHandlerMethodMapping.java : 543] Mapped "{[/menu/view/{menuId}]}" onto public cn.afterturn.gen.core.base.tips.Tip cn.afterturn.gen.modular.system.controller.MenuController.view(java.lang.Integer)
2019-04-15 14:48:23,565 [INFO] [restartedMain] o.s.w.s.mvc.method.annotation.RequestMappingHandlerMapping [AbstractHandlerMethodMapping.java : 543] Mapped "{[/menu/edit]}" onto public cn.afterturn.gen.core.base.tips.Tip cn.afterturn.gen.modular.system.controller.MenuController.edit(cn.afterturn.gen.common.persistence.model.Menu,org.springframework.validation.BindingResult)
2019-04-15 14:48:23,565 [INFO] [restartedMain] o.s.w.s.mvc.method.annotation.RequestMappingHandlerMapping [AbstractHandlerMethodMapping.java : 543] Mapped "{[/menu/selectMenuTreeList]}" onto public java.util.List<cn.afterturn.gen.core.node.ZTreeNode> cn.afterturn.gen.modular.system.controller.MenuController.selectMenuTreeList()
2019-04-15 14:48:23,565 [INFO] [restartedMain] o.s.w.s.mvc.method.annotation.RequestMappingHandlerMapping [AbstractHandlerMethodMapping.java : 543] Mapped "{[/menu/menuTreeListByRoleId/{roleId}]}" onto public java.util.List<cn.afterturn.gen.core.node.ZTreeNode> cn.afterturn.gen.modular.system.controller.MenuController.menuTreeListByRoleId(java.lang.Integer)
2019-04-15 14:48:23,566 [INFO] [restartedMain] o.s.w.s.mvc.method.annotation.RequestMappingHandlerMapping [AbstractHandlerMethodMapping.java : 543] Mapped "{[/menu/menu_add]}" onto public java.lang.String cn.afterturn.gen.modular.system.controller.MenuController.menuAdd()
2019-04-15 14:48:23,566 [INFO] [restartedMain] o.s.w.s.mvc.method.annotation.RequestMappingHandlerMapping [AbstractHandlerMethodMapping.java : 543] Mapped "{[/menu/menu_edit/{menuId}]}" onto public java.lang.String cn.afterturn.gen.modular.system.controller.MenuController.menuEdit(java.lang.Integer,org.springframework.ui.Model)
2019-04-15 14:48:23,566 [INFO] [restartedMain] o.s.w.s.mvc.method.annotation.RequestMappingHandlerMapping [AbstractHandlerMethodMapping.java : 543] Mapped "{[/menu/menuTreeList]}" onto public java.util.List<cn.afterturn.gen.core.node.ZTreeNode> cn.afterturn.gen.modular.system.controller.MenuController.menuTreeList()
2019-04-15 14:48:23,567 [INFO] [restartedMain] o.s.w.s.mvc.method.annotation.RequestMappingHandlerMapping [AbstractHandlerMethodMapping.java : 543] Mapped "{[/notice]}" onto public java.lang.String cn.afterturn.gen.modular.system.controller.NoticeController.index()
2019-04-15 14:48:23,567 [INFO] [restartedMain] o.s.w.s.mvc.method.annotation.RequestMappingHandlerMapping [AbstractHandlerMethodMapping.java : 543] Mapped "{[/notice/add]}" onto public java.lang.Object cn.afterturn.gen.modular.system.controller.NoticeController.add(cn.afterturn.gen.common.persistence.model.Notice)
2019-04-15 14:48:23,567 [INFO] [restartedMain] o.s.w.s.mvc.method.annotation.RequestMappingHandlerMapping [AbstractHandlerMethodMapping.java : 543] Mapped "{[/notice/update]}" onto public java.lang.Object cn.afterturn.gen.modular.system.controller.NoticeController.update(cn.afterturn.gen.common.persistence.model.Notice)
2019-04-15 14:48:23,567 [INFO] [restartedMain] o.s.w.s.mvc.method.annotation.RequestMappingHandlerMapping [AbstractHandlerMethodMapping.java : 543] Mapped "{[/notice/delete]}" onto public java.lang.Object cn.afterturn.gen.modular.system.controller.NoticeController.delete(java.lang.Integer)
2019-04-15 14:48:23,568 [INFO] [restartedMain] o.s.w.s.mvc.method.annotation.RequestMappingHandlerMapping [AbstractHandlerMethodMapping.java : 543] Mapped "{[/notice/list]}" onto public java.lang.Object cn.afterturn.gen.modular.system.controller.NoticeController.list(java.lang.String)
2019-04-15 14:48:23,568 [INFO] [restartedMain] o.s.w.s.mvc.method.annotation.RequestMappingHandlerMapping [AbstractHandlerMethodMapping.java : 543] Mapped "{[/notice/notice_update/{noticeId}]}" onto public java.lang.String cn.afterturn.gen.modular.system.controller.NoticeController.noticeUpdate(java.lang.Integer,org.springframework.ui.Model)
2019-04-15 14:48:23,568 [INFO] [restartedMain] o.s.w.s.mvc.method.annotation.RequestMappingHandlerMapping [AbstractHandlerMethodMapping.java : 543] Mapped "{[/notice/hello]}" onto public java.lang.String cn.afterturn.gen.modular.system.controller.NoticeController.hello()
2019-04-15 14:48:23,568 [INFO] [restartedMain] o.s.w.s.mvc.method.annotation.RequestMappingHandlerMapping [AbstractHandlerMethodMapping.java : 543] Mapped "{[/notice/notice_add]}" onto public java.lang.String cn.afterturn.gen.modular.system.controller.NoticeController.noticeAdd()
2019-04-15 14:48:23,569 [INFO] [restartedMain] o.s.w.s.mvc.method.annotation.RequestMappingHandlerMapping [AbstractHandlerMethodMapping.java : 543] Mapped "{[/role]}" onto public java.lang.String cn.afterturn.gen.modular.system.controller.RoleController.index()
2019-04-15 14:48:23,569 [INFO] [restartedMain] o.s.w.s.mvc.method.annotation.RequestMappingHandlerMapping [AbstractHandlerMethodMapping.java : 543] Mapped "{[/role/add]}" onto public cn.afterturn.gen.core.base.tips.Tip cn.afterturn.gen.modular.system.controller.RoleController.add(cn.afterturn.gen.common.persistence.model.Role,org.springframework.validation.BindingResult)
2019-04-15 14:48:23,570 [INFO] [restartedMain] o.s.w.s.mvc.method.annotation.RequestMappingHandlerMapping [AbstractHandlerMethodMapping.java : 543] Mapped "{[/role/remove]}" onto public cn.afterturn.gen.core.base.tips.Tip cn.afterturn.gen.modular.system.controller.RoleController.remove(java.lang.Integer)
2019-04-15 14:48:23,570 [INFO] [restartedMain] o.s.w.s.mvc.method.annotation.RequestMappingHandlerMapping [AbstractHandlerMethodMapping.java : 543] Mapped "{[/role/list]}" onto public java.lang.Object cn.afterturn.gen.modular.system.controller.RoleController.list(java.lang.String)
2019-04-15 14:48:23,570 [INFO] [restartedMain] o.s.w.s.mvc.method.annotation.RequestMappingHandlerMapping [AbstractHandlerMethodMapping.java : 543] Mapped "{[/role/view/{roleId}]}" onto public cn.afterturn.gen.core.base.tips.Tip cn.afterturn.gen.modular.system.controller.RoleController.view(java.lang.Integer)
2019-04-15 14:48:23,570 [INFO] [restartedMain] o.s.w.s.mvc.method.annotation.RequestMappingHandlerMapping [AbstractHandlerMethodMapping.java : 543] Mapped "{[/role/edit]}" onto public cn.afterturn.gen.core.base.tips.Tip cn.afterturn.gen.modular.system.controller.RoleController.edit(cn.afterturn.gen.common.persistence.model.Role,org.springframework.validation.BindingResult)
2019-04-15 14:48:23,571 [INFO] [restartedMain] o.s.w.s.mvc.method.annotation.RequestMappingHandlerMapping [AbstractHandlerMethodMapping.java : 543] Mapped "{[/role/roleTreeListByUserId/{userId}]}" onto public java.util.List<cn.afterturn.gen.core.node.ZTreeNode> cn.afterturn.gen.modular.system.controller.RoleController.roleTreeListByUserId(java.lang.Integer)
2019-04-15 14:48:23,571 [INFO] [restartedMain] o.s.w.s.mvc.method.annotation.RequestMappingHandlerMapping [AbstractHandlerMethodMapping.java : 543] Mapped "{[/role/roleTreeList]}" onto public java.util.List<cn.afterturn.gen.core.node.ZTreeNode> cn.afterturn.gen.modular.system.controller.RoleController.roleTreeList()
2019-04-15 14:48:23,571 [INFO] [restartedMain] o.s.w.s.mvc.method.annotation.RequestMappingHandlerMapping [AbstractHandlerMethodMapping.java : 543] Mapped "{[/role/role_edit/{roleId}]}" onto public java.lang.String cn.afterturn.gen.modular.system.controller.RoleController.roleEdit(java.lang.Integer,org.springframework.ui.Model)
2019-04-15 14:48:23,571 [INFO] [restartedMain] o.s.w.s.mvc.method.annotation.RequestMappingHandlerMapping [AbstractHandlerMethodMapping.java : 543] Mapped "{[/role/role_add]}" onto public java.lang.String cn.afterturn.gen.modular.system.controller.RoleController.roleAdd()
2019-04-15 14:48:23,572 [INFO] [restartedMain] o.s.w.s.mvc.method.annotation.RequestMappingHandlerMapping [AbstractHandlerMethodMapping.java : 543] Mapped "{[/role/setAuthority]}" onto public cn.afterturn.gen.core.base.tips.Tip cn.afterturn.gen.modular.system.controller.RoleController.setAuthority(java.lang.Integer,java.lang.String)
2019-04-15 14:48:23,572 [INFO] [restartedMain] o.s.w.s.mvc.method.annotation.RequestMappingHandlerMapping [AbstractHandlerMethodMapping.java : 543] Mapped "{[/role/role_assign/{roleId}]}" onto public java.lang.String cn.afterturn.gen.modular.system.controller.RoleController.roleAssign(java.lang.Integer,org.springframework.ui.Model)
2019-04-15 14:48:23,573 [INFO] [restartedMain] o.s.w.s.mvc.method.annotation.RequestMappingHandlerMapping [AbstractHandlerMethodMapping.java : 543] Mapped "{[/mgr]}" onto public java.lang.String cn.afterturn.gen.modular.system.controller.UserMgrController.index()
2019-04-15 14:48:23,573 [INFO] [restartedMain] o.s.w.s.mvc.method.annotation.RequestMappingHandlerMapping [AbstractHandlerMethodMapping.java : 543] Mapped "{[/mgr/add]}" onto public cn.afterturn.gen.core.base.tips.Tip cn.afterturn.gen.modular.system.controller.UserMgrController.add(cn.afterturn.gen.modular.system.transfer.UserDto,org.springframework.validation.BindingResult)
2019-04-15 14:48:23,574 [INFO] [restartedMain] o.s.w.s.mvc.method.annotation.RequestMappingHandlerMapping [AbstractHandlerMethodMapping.java : 543] Mapped "{[/mgr/delete]}" onto public cn.afterturn.gen.core.base.tips.Tip cn.afterturn.gen.modular.system.controller.UserMgrController.delete(java.lang.Integer)
2019-04-15 14:48:23,574 [INFO] [restartedMain] o.s.w.s.mvc.method.annotation.RequestMappingHandlerMapping [AbstractHandlerMethodMapping.java : 543] Mapped "{[/mgr/list]}" onto public java.lang.Object cn.afterturn.gen.modular.system.controller.UserMgrController.list(java.lang.String,java.lang.String,java.lang.String,java.lang.Integer)
2019-04-15 14:48:23,574 [INFO] [restartedMain] o.s.w.s.mvc.method.annotation.RequestMappingHandlerMapping [AbstractHandlerMethodMapping.java : 543] Mapped "{[/mgr/reset]}" onto public cn.afterturn.gen.core.base.tips.Tip cn.afterturn.gen.modular.system.controller.UserMgrController.reset(java.lang.Integer)
2019-04-15 14:48:23,574 [INFO] [restartedMain] o.s.w.s.mvc.method.annotation.RequestMappingHandlerMapping [AbstractHandlerMethodMapping.java : 543] Mapped "{[/mgr/user_info]}" onto public java.lang.String cn.afterturn.gen.modular.system.controller.UserMgrController.userInfo(org.springframework.ui.Model)
2019-04-15 14:48:23,574 [INFO] [restartedMain] o.s.w.s.mvc.method.annotation.RequestMappingHandlerMapping [AbstractHandlerMethodMapping.java : 543] Mapped "{[/mgr/setRole]}" onto public cn.afterturn.gen.core.base.tips.Tip cn.afterturn.gen.modular.system.controller.UserMgrController.setRole(java.lang.Integer,java.lang.String)
2019-04-15 14:48:23,575 [INFO] [restartedMain] o.s.w.s.mvc.method.annotation.RequestMappingHandlerMapping [AbstractHandlerMethodMapping.java : 543] Mapped "{[/mgr/view/{userId}]}" onto public cn.afterturn.gen.common.persistence.model.User cn.afterturn.gen.modular.system.controller.UserMgrController.view(java.lang.Integer)
2019-04-15 14:48:23,575 [INFO] [restartedMain] o.s.w.s.mvc.method.annotation.RequestMappingHandlerMapping [AbstractHandlerMethodMapping.java : 543] Mapped "{[/mgr/edit]}" onto public cn.afterturn.gen.core.base.tips.Tip cn.afterturn.gen.modular.system.controller.UserMgrController.edit(cn.afterturn.gen.modular.system.transfer.UserDto,org.springframework.validation.BindingResult) throws javax.naming.NoPermissionException
2019-04-15 14:48:23,575 [INFO] [restartedMain] o.s.w.s.mvc.method.annotation.RequestMappingHandlerMapping [AbstractHandlerMethodMapping.java : 543] Mapped "{[/mgr/role_assign/{userId}]}" onto public java.lang.String cn.afterturn.gen.modular.system.controller.UserMgrController.roleAssign(java.lang.Integer,org.springframework.ui.Model)
2019-04-15 14:48:23,575 [INFO] [restartedMain] o.s.w.s.mvc.method.annotation.RequestMappingHandlerMapping [AbstractHandlerMethodMapping.java : 543] Mapped "{[/mgr/user_add]}" onto public java.lang.String cn.afterturn.gen.modular.system.controller.UserMgrController.addView()
2019-04-15 14:48:23,576 [INFO] [restartedMain] o.s.w.s.mvc.method.annotation.RequestMappingHandlerMapping [AbstractHandlerMethodMapping.java : 543] Mapped "{[/mgr/user_chpwd]}" onto public java.lang.String cn.afterturn.gen.modular.system.controller.UserMgrController.chPwd()
2019-04-15 14:48:23,576 [INFO] [restartedMain] o.s.w.s.mvc.method.annotation.RequestMappingHandlerMapping [AbstractHandlerMethodMapping.java : 543] Mapped "{[/mgr/changePwd]}" onto public java.lang.Object cn.afterturn.gen.modular.system.controller.UserMgrController.changePwd(java.lang.String,java.lang.String,java.lang.String)
2019-04-15 14:48:23,576 [INFO] [restartedMain] o.s.w.s.mvc.method.annotation.RequestMappingHandlerMapping [AbstractHandlerMethodMapping.java : 543] Mapped "{[/mgr/user_edit/{userId}]}" onto public java.lang.String cn.afterturn.gen.modular.system.controller.UserMgrController.userEdit(java.lang.Integer,org.springframework.ui.Model)
2019-04-15 14:48:23,576 [INFO] [restartedMain] o.s.w.s.mvc.method.annotation.RequestMappingHandlerMapping [AbstractHandlerMethodMapping.java : 543] Mapped "{[/mgr/unfreeze]}" onto public cn.afterturn.gen.core.base.tips.Tip cn.afterturn.gen.modular.system.controller.UserMgrController.unfreeze(java.lang.Integer)
2019-04-15 14:48:23,576 [INFO] [restartedMain] o.s.w.s.mvc.method.annotation.RequestMappingHandlerMapping [AbstractHandlerMethodMapping.java : 543] Mapped "{[/mgr/freeze]}" onto public cn.afterturn.gen.core.base.tips.Tip cn.afterturn.gen.modular.system.controller.UserMgrController.freeze(java.lang.Integer)
2019-04-15 14:48:23,577 [INFO] [restartedMain] o.s.w.s.mvc.method.annotation.RequestMappingHandlerMapping [AbstractHandlerMethodMapping.java : 543] Mapped "{[/mgr/upload],methods=[POST]}" onto public java.lang.String cn.afterturn.gen.modular.system.controller.UserMgrController.upload(org.springframework.web.multipart.MultipartFile)
2019-04-15 14:48:23,577 [INFO] [restartedMain] o.s.w.s.mvc.method.annotation.RequestMappingHandlerMapping [AbstractHandlerMethodMapping.java : 543] Mapped "{[/global/error]}" onto public java.lang.String cn.afterturn.gen.core.base.controller.GlobalController.errorPage()
2019-04-15 14:48:23,577 [INFO] [restartedMain] o.s.w.s.mvc.method.annotation.RequestMappingHandlerMapping [AbstractHandlerMethodMapping.java : 543] Mapped "{[/global/sessionError]}" onto public java.lang.String cn.afterturn.gen.core.base.controller.GlobalController.errorPageInfo(org.springframework.ui.Model)
2019-04-15 14:48:23,579 [INFO] [restartedMain] o.s.w.s.mvc.method.annotation.RequestMappingHandlerMapping [AbstractHandlerMethodMapping.java : 543] Mapped "{[/error]}" onto public org.springframework.http.ResponseEntity<java.util.Map<java.lang.String, java.lang.Object>> org.springframework.boot.autoconfigure.web.BasicErrorController.error(javax.servlet.http.HttpServletRequest)
2019-04-15 14:48:23,579 [INFO] [restartedMain] o.s.w.s.mvc.method.annotation.RequestMappingHandlerMapping [AbstractHandlerMethodMapping.java : 543] Mapped "{[/error],produces=[text/html]}" onto public org.springframework.web.servlet.ModelAndView org.springframework.boot.autoconfigure.web.BasicErrorController.errorHtml(javax.servlet.http.HttpServletRequest,javax.servlet.http.HttpServletResponse)
2019-04-15 14:48:23,812 [INFO] [restartedMain] o.s.web.servlet.handler.SimpleUrlHandlerMapping [AbstractUrlHandlerMapping.java : 362] Mapped URL path [/webjars/**] onto handler of type [class org.springframework.web.servlet.resource.ResourceHttpRequestHandler]
2019-04-15 14:48:23,812 [INFO] [restartedMain] o.s.web.servlet.handler.SimpleUrlHandlerMapping [AbstractUrlHandlerMapping.java : 362] Mapped URL path [/static/**] onto handler of type [class org.springframework.web.servlet.resource.ResourceHttpRequestHandler]
2019-04-15 14:48:23,869 [INFO] [restartedMain] o.s.w.s.m.m.annotation.ExceptionHandlerExceptionResolver [ExceptionHandlerExceptionResolver.java : 273] Detected @ExceptionHandler methods in globalExceptionHandler
2019-04-15 14:48:23,953 [INFO] [restartedMain] o.s.web.servlet.handler.SimpleUrlHandlerMapping [AbstractUrlHandlerMapping.java : 362] Mapped URL path [/**/favicon.ico] onto handler of type [class org.springframework.web.servlet.resource.ResourceHttpRequestHandler]
2019-04-15 14:48:25,010 [INFO] [restartedMain] org.springframework.ui.freemarker.SpringTemplateLoader [SpringTemplateLoader.java : 61] SpringTemplateLoader for FreeMarker: using resource loader [org.springframework.boot.context.embedded.AnnotationConfigEmbeddedWebApplicationContext@6cba5d30: startup date [Mon Apr 15 14:48:14 CST 2019]; root of context hierarchy] and template loader path [classpath:/templates/]
2019-04-15 14:48:25,010 [INFO] [restartedMain] o.s.web.servlet.view.freemarker.FreeMarkerConfigurer [FreeMarkerConfigurer.java : 127] ClassTemplateLoader for Spring macros added to FreeMarker configuration
2019-04-15 14:48:25,753 [INFO] [restartedMain] o.s.boot.devtools.autoconfigure.OptionalLiveReloadServer [OptionalLiveReloadServer.java : 58] LiveReload server is running on port 35729
2019-04-15 14:48:25,915 [INFO] [restartedMain] o.s.jmx.export.annotation.AnnotationMBeanExporter [MBeanExporter.java : 431] Registering beans for JMX exposure on startup
2019-04-15 14:48:25,958 [INFO] [restartedMain] o.s.b.context.embedded.tomcat.TomcatEmbeddedServletContainer [TomcatEmbeddedServletContainer.java : 198] Tomcat started on port(s): 7080 (http)
2019-04-15 14:48:25,962 [INFO] [restartedMain] cn.afterturn.gen.GenApplication [StartupInfoLogger.java : 57] Started GenApplication in 11.666 seconds (JVM running for 12.448)
2019-04-15 14:48:25,963 [INFO] [restartedMain] cn.afterturn.gen.GenApplication [GenApplication.java : 26] Lemur Gen Application is success!
2019-04-15 14:48:57,039 [INFO] [http-nio-7080-exec-1] o.a.catalina.core.ContainerBase.[Tomcat].[localhost].[/] [DirectJDKLog.java : 179] Initializing Spring FrameworkServlet 'dispatcherServlet'
2019-04-15 14:48:57,039 [INFO] [http-nio-7080-exec-1] org.springframework.web.servlet.DispatcherServlet [FrameworkServlet.java : 489] FrameworkServlet 'dispatcherServlet': initialization started
2019-04-15 14:48:57,093 [INFO] [http-nio-7080-exec-1] org.springframework.web.servlet.DispatcherServlet [FrameworkServlet.java : 508] FrameworkServlet 'dispatcherServlet': initialization completed in 54 ms
2019-04-15 14:48:57,105 [INFO] [http-nio-7080-exec-1] o.apache.shiro.session.mgt.AbstractValidatingSessionManager [AbstractValidatingSessionManager.java : 233] Enabling session validation scheduler...
2019-04-15 14:49:03,572 [DEBUG] [http-nio-7080-exec-5] cn.afterturn.gen.modular.system.dao.UserMgrDao.getByAccount [BaseJdbcLogger.java : 159] ==>  Preparing: select id, account, name, birthday,password, sex, email, avatar, phone, roleid,salt, deptid, status, createtime, version from t_system_user where account = ? and status != 3 
2019-04-15 14:49:03,645 [DEBUG] [http-nio-7080-exec-5] cn.afterturn.gen.modular.system.dao.UserMgrDao.getByAccount [BaseJdbcLogger.java : 159] ==> Parameters: admin(String)
2019-04-15 14:49:03,659 [DEBUG] [http-nio-7080-exec-5] cn.afterturn.gen.modular.system.dao.UserMgrDao.getByAccount [BaseJdbcLogger.java : 159] <==      Total: 1
2019-04-15 14:49:03,686 [DEBUG] [http-nio-7080-exec-5] c.afterturn.gen.common.persistence.dao.DeptMapper.selectById [BaseJdbcLogger.java : 159] ==>  Preparing: SELECT id AS id,num,pid,pids,simplename,fullname,tips,version FROM t_system_dept WHERE id=? 
2019-04-15 14:49:03,687 [DEBUG] [http-nio-7080-exec-5] c.afterturn.gen.common.persistence.dao.DeptMapper.selectById [BaseJdbcLogger.java : 159] ==> Parameters: 27(Integer)
2019-04-15 14:49:03,690 [DEBUG] [http-nio-7080-exec-5] c.afterturn.gen.common.persistence.dao.DeptMapper.selectById [BaseJdbcLogger.java : 159] <==      Total: 1
2019-04-15 14:49:03,696 [DEBUG] [http-nio-7080-exec-5] c.afterturn.gen.common.persistence.dao.RoleMapper.selectById [BaseJdbcLogger.java : 159] ==>  Preparing: SELECT id AS id,num,pid,`name`,deptid,tips,version FROM t_system_role WHERE id=? 
2019-04-15 14:49:03,697 [DEBUG] [http-nio-7080-exec-5] c.afterturn.gen.common.persistence.dao.RoleMapper.selectById [BaseJdbcLogger.java : 159] ==> Parameters: 1(Integer)
2019-04-15 14:49:03,698 [DEBUG] [http-nio-7080-exec-5] c.afterturn.gen.common.persistence.dao.RoleMapper.selectById [BaseJdbcLogger.java : 159] <==      Total: 1
2019-04-15 14:49:03,768 [DEBUG] [pool-1-thread-1] c.afterturn.gen.common.persistence.dao.LoginLogMapper.insert [BaseJdbcLogger.java : 159] ==>  Preparing: INSERT INTO t_system_login_log ( logname, userid, createtime, succeed, ip ) VALUES ( ?, ?, ?, ?, ? ) 
2019-04-15 14:49:03,772 [DEBUG] [pool-1-thread-1] c.afterturn.gen.common.persistence.dao.LoginLogMapper.insert [BaseJdbcLogger.java : 159] ==> Parameters: (String), 1(Integer), 2019-04-15 14:49:03.753(Timestamp), (String), 0:0:0:0:0:0:0:1(String)
2019-04-15 14:49:03,786 [DEBUG] [pool-1-thread-1] c.afterturn.gen.common.persistence.dao.LoginLogMapper.insert [BaseJdbcLogger.java : 159] <==    Updates: 1
2019-04-15 14:49:03,808 [DEBUG] [http-nio-7080-exec-8] c.afterturn.gen.modular.system.dao.MenuDao.getMenusByRoleIds [BaseJdbcLogger.java : 159] ==>  Preparing: SELECT m1.id AS id, m1.icon AS icon, ( CASE WHEN (m2.id = 0 OR m2.id IS NULL) THEN 0 ELSE m2.id END ) AS parentId, m1.NAME as name, m1.url as url, m1.levels as levels, m1.ismenu as ismenu, m1.num as num FROM t_system_menu m1 LEFT JOIN t_system_menu m2 ON m1.pcode = m2. CODE INNER JOIN ( SELECT ID FROM t_system_menu WHERE ID IN ( SELECT menuid FROM t_system_relation rela WHERE rela.roleid IN ( ? ) ) ) m3 ON m1.id = m3.id where m1.ismenu = 1 order by levels,num asc 
2019-04-15 14:49:03,814 [DEBUG] [http-nio-7080-exec-8] c.afterturn.gen.modular.system.dao.MenuDao.getMenusByRoleIds [BaseJdbcLogger.java : 159] ==> Parameters: 1(Integer)
2019-04-15 14:49:03,821 [DEBUG] [http-nio-7080-exec-8] c.afterturn.gen.modular.system.dao.MenuDao.getMenusByRoleIds [BaseJdbcLogger.java : 159] <==      Total: 20
2019-04-15 14:49:03,824 [DEBUG] [http-nio-7080-exec-8] c.afterturn.gen.common.persistence.dao.UserMapper.selectById [BaseJdbcLogger.java : 159] ==>  Preparing: SELECT id AS id,avatar,account,`password`,salt,`name`,birthday,sex,email,phone,roleid,deptid,`status`,createtime,version FROM t_system_user WHERE id=? 
2019-04-15 14:49:03,825 [DEBUG] [http-nio-7080-exec-8] c.afterturn.gen.common.persistence.dao.UserMapper.selectById [BaseJdbcLogger.java : 159] ==> Parameters: 1(Integer)
2019-04-15 14:49:03,826 [DEBUG] [http-nio-7080-exec-8] c.afterturn.gen.common.persistence.dao.UserMapper.selectById [BaseJdbcLogger.java : 159] <==      Total: 1
2019-04-15 14:49:03,907 [ERROR] [http-nio-7080-exec-10] cn.afterturn.gen.core.util.FileUtil [FileUtil.java : 26] C:\Users\XIONGH~1\AppData\Local\Temp\bebd7b1e-dd86-4515-9e5c-31e0dbd65cad.jpg
2019-04-15 14:49:03,918 [DEBUG] [http-nio-7080-exec-5] cn.afterturn.gen.modular.system.dao.NoticeDao.list [BaseJdbcLogger.java : 159] ==>  Preparing: select * from t_system_notice order by createtime DESC 
2019-04-15 14:49:03,921 [DEBUG] [http-nio-7080-exec-5] cn.afterturn.gen.modular.system.dao.NoticeDao.list [BaseJdbcLogger.java : 159] ==> Parameters: 
2019-04-15 14:49:03,928 [DEBUG] [http-nio-7080-exec-5] cn.afterturn.gen.modular.system.dao.NoticeDao.list [BaseJdbcLogger.java : 159] <==      Total: 3
2019-04-15 14:49:04,147 [WARN] [http-nio-7080-exec-9] org.springframework.web.servlet.PageNotFound [DispatcherServlet.java : 1172] No mapping found for HTTP request with URI [/sysareainfo/list/100000] in DispatcherServlet with name 'dispatcherServlet'
2019-04-15 14:49:06,676 [DEBUG] [http-nio-7080-exec-5] c.afterturn.gen.modular.code.dao.TemplateGroupDao.selectList [BaseJdbcLogger.java : 159] ==>  Preparing: select * from t_code_template_GROUP t WHERE t.USER_ID = ? 
2019-04-15 14:49:06,677 [DEBUG] [http-nio-7080-exec-5] c.afterturn.gen.modular.code.dao.TemplateGroupDao.selectList [BaseJdbcLogger.java : 159] ==> Parameters: 1(Integer)
2019-04-15 14:49:06,686 [DEBUG] [http-nio-7080-exec-5] c.afterturn.gen.modular.code.dao.TemplateGroupDao.selectList [BaseJdbcLogger.java : 159] <==      Total: 7
2019-04-15 14:49:06,692 [DEBUG] [http-nio-7080-exec-5] cn.afterturn.gen.modular.code.dao.GenParamDao.selectList [BaseJdbcLogger.java : 159] ==>  Preparing: select * from T_CODE_GEN_PARAMS t 
2019-04-15 14:49:06,693 [DEBUG] [http-nio-7080-exec-5] cn.afterturn.gen.modular.code.dao.GenParamDao.selectList [BaseJdbcLogger.java : 159] ==> Parameters: 
2019-04-15 14:49:06,696 [DEBUG] [http-nio-7080-exec-5] cn.afterturn.gen.modular.code.dao.GenParamDao.selectList [BaseJdbcLogger.java : 159] <==      Total: 2
2019-04-15 14:49:06,838 [WARN] [http-nio-7080-exec-10] org.springframework.web.servlet.PageNotFound [DispatcherServlet.java : 1172] No mapping found for HTTP request with URI [/sysareainfo/list/100000] in DispatcherServlet with name 'dispatcherServlet'
2019-04-15 14:49:06,884 [DEBUG] [http-nio-7080-exec-5] cn.afterturn.gen.modular.code.dao.DbInfoDao.selectPage [BaseJdbcLogger.java : 159] ==>  Preparing: SELECT COUNT(1) FROM t_code_dbinfo t WHERE (t.USER_ID = ? OR t.USER_ID IS NULL) 
2019-04-15 14:49:06,886 [DEBUG] [http-nio-7080-exec-5] cn.afterturn.gen.modular.code.dao.DbInfoDao.selectPage [BaseJdbcLogger.java : 159] ==> Parameters: 1(Integer)
2019-04-15 14:49:06,894 [DEBUG] [http-nio-7080-exec-5] cn.afterturn.gen.modular.code.dao.DbInfoDao.selectPage [BaseJdbcLogger.java : 159] ==>  Preparing: select * from t_code_dbinfo t WHERE (t.USER_ID = ? or t.USER_ID is null) LIMIT 0,100 
2019-04-15 14:49:06,895 [DEBUG] [http-nio-7080-exec-5] cn.afterturn.gen.modular.code.dao.DbInfoDao.selectPage [BaseJdbcLogger.java : 159] ==> Parameters: 1(Integer)
2019-04-15 14:49:06,897 [DEBUG] [http-nio-7080-exec-5] cn.afterturn.gen.modular.code.dao.DbInfoDao.selectPage [BaseJdbcLogger.java : 159] <==      Total: 6
2019-04-15 14:49:06,958 [DEBUG] [http-nio-7080-exec-4] cn.afterturn.gen.modular.code.dao.TemplateDao.selectPage [BaseJdbcLogger.java : 159] ==>  Preparing: SELECT COUNT(1) FROM t_code_template t LEFT OUTER JOIN t_code_template_group g ON g.id = t.GROUP_ID WHERE t.USER_ID = ? AND t.VERSION = ? 
2019-04-15 14:49:06,959 [DEBUG] [http-nio-7080-exec-4] cn.afterturn.gen.modular.code.dao.TemplateDao.selectPage [BaseJdbcLogger.java : 159] ==> Parameters: 1(Integer), 1(Integer)
2019-04-15 14:49:06,961 [DEBUG] [http-nio-7080-exec-4] cn.afterturn.gen.modular.code.dao.TemplateDao.selectPage [BaseJdbcLogger.java : 159] ==>  Preparing: select t.ID, t.Template_NAME, t.Template_path, t.USER_ID, t.Template_DESC, t.FILE_NAME, g.name as GROUP_ID, t.TEMPLATE_TYPE,LOCAL_PATH, t.CRT_USER_ID, t.CRT_TIME, t.MDF_USER_ID, t.MDF_TIME from t_code_template t LEFT OUTER JOIN t_code_template_group g ON g.id = t.GROUP_ID WHERE t.USER_ID = ? AND t.VERSION = ? ORDER BY t.ID DESC LIMIT 0,100 
2019-04-15 14:49:06,962 [DEBUG] [http-nio-7080-exec-4] cn.afterturn.gen.modular.code.dao.TemplateDao.selectPage [BaseJdbcLogger.java : 159] ==> Parameters: 1(Integer), 1(Integer)
2019-04-15 14:49:07,099 [DEBUG] [http-nio-7080-exec-4] cn.afterturn.gen.modular.code.dao.TemplateDao.selectPage [BaseJdbcLogger.java : 159] <==      Total: 24
2019-04-15 14:49:07,102 [DEBUG] [http-nio-7080-exec-4] c.afterturn.gen.common.persistence.dao.UserMapper.selectById [BaseJdbcLogger.java : 159] ==>  Preparing: SELECT id AS id,avatar,account,`password`,salt,`name`,birthday,sex,email,phone,roleid,deptid,`status`,createtime,version FROM t_system_user WHERE id=? 
2019-04-15 14:49:07,103 [DEBUG] [http-nio-7080-exec-4] c.afterturn.gen.common.persistence.dao.UserMapper.selectById [BaseJdbcLogger.java : 159] ==> Parameters: 1(Integer)
2019-04-15 14:49:07,105 [DEBUG] [http-nio-7080-exec-4] c.afterturn.gen.common.persistence.dao.UserMapper.selectById [BaseJdbcLogger.java : 159] <==      Total: 1
2019-04-15 14:49:07,107 [DEBUG] [http-nio-7080-exec-4] c.afterturn.gen.common.persistence.dao.UserMapper.selectById [BaseJdbcLogger.java : 159] ==>  Preparing: SELECT id AS id,avatar,account,`password`,salt,`name`,birthday,sex,email,phone,roleid,deptid,`status`,createtime,version FROM t_system_user WHERE id=? 
2019-04-15 14:49:07,108 [DEBUG] [http-nio-7080-exec-4] c.afterturn.gen.common.persistence.dao.UserMapper.selectById [BaseJdbcLogger.java : 159] ==> Parameters: 76(Integer)
2019-04-15 14:49:07,109 [DEBUG] [http-nio-7080-exec-4] c.afterturn.gen.common.persistence.dao.UserMapper.selectById [BaseJdbcLogger.java : 159] <==      Total: 1
2019-04-15 14:49:13,724 [DEBUG] [http-nio-7080-exec-9] cn.afterturn.gen.modular.code.dao.TemplateDao.selectPage [BaseJdbcLogger.java : 159] ==>  Preparing: SELECT COUNT(1) FROM t_code_template t LEFT OUTER JOIN t_code_template_group g ON g.id = t.GROUP_ID WHERE t.USER_ID = ? AND t.GROUP_ID = ? AND t.VERSION = ? 
2019-04-15 14:49:13,725 [DEBUG] [http-nio-7080-exec-9] cn.afterturn.gen.modular.code.dao.TemplateDao.selectPage [BaseJdbcLogger.java : 159] ==> Parameters: 1(Integer), 5(String), 1(Integer)
2019-04-15 14:49:13,727 [DEBUG] [http-nio-7080-exec-9] cn.afterturn.gen.modular.code.dao.TemplateDao.selectPage [BaseJdbcLogger.java : 159] ==>  Preparing: select t.ID, t.Template_NAME, t.Template_path, t.USER_ID, t.Template_DESC, t.FILE_NAME, g.name as GROUP_ID, t.TEMPLATE_TYPE,LOCAL_PATH, t.CRT_USER_ID, t.CRT_TIME, t.MDF_USER_ID, t.MDF_TIME from t_code_template t LEFT OUTER JOIN t_code_template_group g ON g.id = t.GROUP_ID WHERE t.USER_ID = ? AND t.GROUP_ID = ? AND t.VERSION = ? ORDER BY t.ID DESC LIMIT 0,100 
2019-04-15 14:49:13,728 [DEBUG] [http-nio-7080-exec-9] cn.afterturn.gen.modular.code.dao.TemplateDao.selectPage [BaseJdbcLogger.java : 159] ==> Parameters: 1(Integer), 5(String), 1(Integer)
2019-04-15 14:49:13,730 [DEBUG] [http-nio-7080-exec-9] cn.afterturn.gen.modular.code.dao.TemplateDao.selectPage [BaseJdbcLogger.java : 159] <==      Total: 11
2019-04-15 14:49:15,309 [DEBUG] [http-nio-7080-exec-2] cn.afterturn.gen.modular.code.dao.TemplateDao.selectPage [BaseJdbcLogger.java : 159] ==>  Preparing: SELECT COUNT(1) FROM t_code_template t LEFT OUTER JOIN t_code_template_group g ON g.id = t.GROUP_ID WHERE t.USER_ID = ? AND t.GROUP_ID = ? AND t.VERSION = ? 
2019-04-15 14:49:15,310 [DEBUG] [http-nio-7080-exec-2] cn.afterturn.gen.modular.code.dao.TemplateDao.selectPage [BaseJdbcLogger.java : 159] ==> Parameters: 1(Integer), 10(String), 1(Integer)
2019-04-15 14:49:15,312 [DEBUG] [http-nio-7080-exec-2] cn.afterturn.gen.modular.code.dao.TemplateDao.selectPage [BaseJdbcLogger.java : 159] ==>  Preparing: select t.ID, t.Template_NAME, t.Template_path, t.USER_ID, t.Template_DESC, t.FILE_NAME, g.name as GROUP_ID, t.TEMPLATE_TYPE,LOCAL_PATH, t.CRT_USER_ID, t.CRT_TIME, t.MDF_USER_ID, t.MDF_TIME from t_code_template t LEFT OUTER JOIN t_code_template_group g ON g.id = t.GROUP_ID WHERE t.USER_ID = ? AND t.GROUP_ID = ? AND t.VERSION = ? ORDER BY t.ID DESC LIMIT 0,100 
2019-04-15 14:49:15,312 [DEBUG] [http-nio-7080-exec-2] cn.afterturn.gen.modular.code.dao.TemplateDao.selectPage [BaseJdbcLogger.java : 159] ==> Parameters: 1(Integer), 10(String), 1(Integer)
2019-04-15 14:49:15,314 [DEBUG] [http-nio-7080-exec-2] cn.afterturn.gen.modular.code.dao.TemplateDao.selectPage [BaseJdbcLogger.java : 159] <==      Total: 11
2019-04-15 14:49:16,653 [DEBUG] [http-nio-7080-exec-3] cn.afterturn.gen.modular.code.dao.TemplateDao.selectPage [BaseJdbcLogger.java : 159] ==>  Preparing: SELECT COUNT(1) FROM t_code_template t LEFT OUTER JOIN t_code_template_group g ON g.id = t.GROUP_ID WHERE t.USER_ID = ? AND t.GROUP_ID = ? AND t.VERSION = ? 
2019-04-15 14:49:16,653 [DEBUG] [http-nio-7080-exec-3] cn.afterturn.gen.modular.code.dao.TemplateDao.selectPage [BaseJdbcLogger.java : 159] ==> Parameters: 1(Integer), 3(String), 1(Integer)
2019-04-15 14:49:16,654 [DEBUG] [http-nio-7080-exec-3] cn.afterturn.gen.modular.code.dao.TemplateDao.selectPage [BaseJdbcLogger.java : 159] ==>  Preparing: select t.ID, t.Template_NAME, t.Template_path, t.USER_ID, t.Template_DESC, t.FILE_NAME, g.name as GROUP_ID, t.TEMPLATE_TYPE,LOCAL_PATH, t.CRT_USER_ID, t.CRT_TIME, t.MDF_USER_ID, t.MDF_TIME from t_code_template t LEFT OUTER JOIN t_code_template_group g ON g.id = t.GROUP_ID WHERE t.USER_ID = ? AND t.GROUP_ID = ? AND t.VERSION = ? ORDER BY t.ID DESC LIMIT 0,100 
2019-04-15 14:49:16,655 [DEBUG] [http-nio-7080-exec-3] cn.afterturn.gen.modular.code.dao.TemplateDao.selectPage [BaseJdbcLogger.java : 159] ==> Parameters: 1(Integer), 3(String), 1(Integer)
2019-04-15 14:49:16,656 [DEBUG] [http-nio-7080-exec-3] cn.afterturn.gen.modular.code.dao.TemplateDao.selectPage [BaseJdbcLogger.java : 159] <==      Total: 1
2019-04-15 14:49:18,204 [DEBUG] [http-nio-7080-exec-8] cn.afterturn.gen.modular.code.dao.TemplateDao.selectPage [BaseJdbcLogger.java : 159] ==>  Preparing: SELECT COUNT(1) FROM t_code_template t LEFT OUTER JOIN t_code_template_group g ON g.id = t.GROUP_ID WHERE t.USER_ID = ? AND t.GROUP_ID = ? AND t.VERSION = ? 
2019-04-15 14:49:18,205 [DEBUG] [http-nio-7080-exec-8] cn.afterturn.gen.modular.code.dao.TemplateDao.selectPage [BaseJdbcLogger.java : 159] ==> Parameters: 1(Integer), 11(String), 1(Integer)
2019-04-15 14:49:18,206 [DEBUG] [http-nio-7080-exec-8] cn.afterturn.gen.modular.code.dao.TemplateDao.selectPage [BaseJdbcLogger.java : 159] ==>  Preparing: select t.ID, t.Template_NAME, t.Template_path, t.USER_ID, t.Template_DESC, t.FILE_NAME, g.name as GROUP_ID, t.TEMPLATE_TYPE,LOCAL_PATH, t.CRT_USER_ID, t.CRT_TIME, t.MDF_USER_ID, t.MDF_TIME from t_code_template t LEFT OUTER JOIN t_code_template_group g ON g.id = t.GROUP_ID WHERE t.USER_ID = ? AND t.GROUP_ID = ? AND t.VERSION = ? ORDER BY t.ID DESC LIMIT 0,100 
2019-04-15 14:49:18,207 [DEBUG] [http-nio-7080-exec-8] cn.afterturn.gen.modular.code.dao.TemplateDao.selectPage [BaseJdbcLogger.java : 159] ==> Parameters: 1(Integer), 11(String), 1(Integer)
2019-04-15 14:49:18,208 [DEBUG] [http-nio-7080-exec-8] cn.afterturn.gen.modular.code.dao.TemplateDao.selectPage [BaseJdbcLogger.java : 159] <==      Total: 1
2019-04-15 14:49:24,776 [DEBUG] [http-nio-7080-exec-6] c.a.gen.modular.system.dao.MenuDao.getResUrlsByRoleId [BaseJdbcLogger.java : 159] ==>  Preparing: select url from t_system_relation rel inner join t_system_menu m on rel.menuid = m.id where rel.roleid = ? 
2019-04-15 14:49:24,778 [DEBUG] [http-nio-7080-exec-6] c.a.gen.modular.system.dao.MenuDao.getResUrlsByRoleId [BaseJdbcLogger.java : 159] ==> Parameters: 1(Integer)
2019-04-15 14:49:24,781 [DEBUG] [http-nio-7080-exec-6] c.a.gen.modular.system.dao.MenuDao.getResUrlsByRoleId [BaseJdbcLogger.java : 159] <==      Total: 88
2019-04-15 14:49:24,784 [DEBUG] [http-nio-7080-exec-6] c.afterturn.gen.common.persistence.dao.RoleMapper.selectById [BaseJdbcLogger.java : 159] ==>  Preparing: SELECT id AS id,num,pid,`name`,deptid,tips,version FROM t_system_role WHERE id=? 
2019-04-15 14:49:24,785 [DEBUG] [http-nio-7080-exec-6] c.afterturn.gen.common.persistence.dao.RoleMapper.selectById [BaseJdbcLogger.java : 159] ==> Parameters: 1(Integer)
2019-04-15 14:49:24,786 [DEBUG] [http-nio-7080-exec-6] c.afterturn.gen.common.persistence.dao.RoleMapper.selectById [BaseJdbcLogger.java : 159] <==      Total: 1
2019-04-15 14:49:24,918 [WARN] [http-nio-7080-exec-10] org.springframework.web.servlet.PageNotFound [DispatcherServlet.java : 1172] No mapping found for HTTP request with URI [/sysareainfo/list/100000] in DispatcherServlet with name 'dispatcherServlet'
2019-04-15 14:49:24,948 [DEBUG] [http-nio-7080-exec-3] c.afterturn.gen.modular.code.dao.TemplateGroupDao.selectPage [BaseJdbcLogger.java : 159] ==>  Preparing: SELECT COUNT(1) FROM t_code_template_GROUP t WHERE t.USER_ID = ? 
2019-04-15 14:49:24,949 [DEBUG] [http-nio-7080-exec-3] c.afterturn.gen.modular.code.dao.TemplateGroupDao.selectPage [BaseJdbcLogger.java : 159] ==> Parameters: 1(Integer)
2019-04-15 14:49:24,950 [DEBUG] [http-nio-7080-exec-3] c.afterturn.gen.modular.code.dao.TemplateGroupDao.selectPage [BaseJdbcLogger.java : 159] ==>  Preparing: select * from t_code_template_GROUP t WHERE t.USER_ID = ? ORDER BY t.ID DESC LIMIT 0,14 
2019-04-15 14:49:24,952 [DEBUG] [http-nio-7080-exec-3] c.afterturn.gen.modular.code.dao.TemplateGroupDao.selectPage [BaseJdbcLogger.java : 159] ==> Parameters: 1(Integer)
2019-04-15 14:49:24,954 [DEBUG] [http-nio-7080-exec-3] c.afterturn.gen.modular.code.dao.TemplateGroupDao.selectPage [BaseJdbcLogger.java : 159] <==      Total: 7
2019-04-15 14:49:26,688 [WARN] [http-nio-7080-exec-9] org.springframework.web.servlet.PageNotFound [DispatcherServlet.java : 1172] No mapping found for HTTP request with URI [/sysareainfo/list/100000] in DispatcherServlet with name 'dispatcherServlet'
2019-04-15 14:49:26,714 [DEBUG] [http-nio-7080-exec-6] c.a.gen.modular.code.dao.TableBaseFieldDao.selectPage [BaseJdbcLogger.java : 159] ==>  Preparing: SELECT COUNT(1) FROM T_CODE_TABLE_BASE_FIELD t WHERE t.USER_ID = ? 
2019-04-15 14:49:26,714 [DEBUG] [http-nio-7080-exec-6] c.a.gen.modular.code.dao.TableBaseFieldDao.selectPage [BaseJdbcLogger.java : 159] ==> Parameters: 1(Integer)
2019-04-15 14:49:26,721 [DEBUG] [http-nio-7080-exec-6] c.a.gen.modular.code.dao.TableBaseFieldDao.selectPage [BaseJdbcLogger.java : 159] ==>  Preparing: select * from T_CODE_TABLE_BASE_FIELD t WHERE t.USER_ID = ? ORDER BY t.CRT_TIME DESC LIMIT 0,14 
2019-04-15 14:49:26,722 [DEBUG] [http-nio-7080-exec-6] c.a.gen.modular.code.dao.TableBaseFieldDao.selectPage [BaseJdbcLogger.java : 159] ==> Parameters: 1(Integer)
2019-04-15 14:49:26,723 [DEBUG] [http-nio-7080-exec-6] c.a.gen.modular.code.dao.TableBaseFieldDao.selectPage [BaseJdbcLogger.java : 159] <==      Total: 1
